[2025-06-10T22:15:38.128+0000] {taskinstance.py:1956} INFO - Dependencies all met for dep_context=non-requeueable deps ti=<TaskInstance: movie_etl_pipeline.load_to_postgres manual__2025-06-10T22:15:35.525164+00:00 [queued]>
[2025-06-10T22:15:38.135+0000] {taskinstance.py:1956} INFO - Dependencies all met for dep_context=requeueable deps ti=<TaskInstance: movie_etl_pipeline.load_to_postgres manual__2025-06-10T22:15:35.525164+00:00 [queued]>
[2025-06-10T22:15:38.135+0000] {taskinstance.py:2170} INFO - Starting attempt 1 of 1
[2025-06-10T22:15:38.145+0000] {taskinstance.py:2191} INFO - Executing <Task(PythonOperator): load_to_postgres> on 2025-06-10 22:15:35.525164+00:00
[2025-06-10T22:15:38.151+0000] {standard_task_runner.py:60} INFO - Started process 311 to run task
[2025-06-10T22:15:38.153+0000] {standard_task_runner.py:87} INFO - Running: ['***', 'tasks', 'run', 'movie_etl_pipeline', 'load_to_postgres', 'manual__2025-06-10T22:15:35.525164+00:00', '--job-id', '11', '--raw', '--subdir', 'DAGS_FOLDER/movie_etl_pipeline.py', '--cfg-path', '/tmp/tmpgwqiqt8v']
[2025-06-10T22:15:38.155+0000] {standard_task_runner.py:88} INFO - Job 11: Subtask load_to_postgres
[2025-06-10T22:15:38.168+0000] {logging_mixin.py:188} WARNING - /home/***/.local/lib/python3.11/site-packages/***/settings.py:194 DeprecationWarning: The sql_alchemy_conn option in [core] has been moved to the sql_alchemy_conn option in [database] - the old setting has been used, but please update your config.
[2025-06-10T22:15:38.196+0000] {task_command.py:423} INFO - Running <TaskInstance: movie_etl_pipeline.load_to_postgres manual__2025-06-10T22:15:35.525164+00:00 [running]> on host 2bb47da558a0
[2025-06-10T22:15:38.260+0000] {taskinstance.py:2480} INFO - Exporting env vars: AIRFLOW_CTX_DAG_OWNER='***' AIRFLOW_CTX_DAG_ID='movie_etl_pipeline' AIRFLOW_CTX_TASK_ID='load_to_postgres' AIRFLOW_CTX_EXECUTION_DATE='2025-06-10T22:15:35.525164+00:00' AIRFLOW_CTX_TRY_NUMBER='1' AIRFLOW_CTX_DAG_RUN_ID='manual__2025-06-10T22:15:35.525164+00:00'
[2025-06-10T22:15:38.261+0000] {logging_mixin.py:188} INFO - 🔌 Connexion à PostgreSQL...
[2025-06-10T22:15:38.265+0000] {taskinstance.py:2698} ERROR - Task failed with exception
Traceback (most recent call last):
  File "/home/airflow/.local/lib/python3.11/site-packages/airflow/models/taskinstance.py", line 433, in _execute_task
    result = execute_callable(context=context, **execute_callable_kwargs)
             ^^^^^^^^^^^^^^^^^^^^^^^^^^^^^^^^^^^^^^^^^^^^^^^^^^^^^^^^^^^^
  File "/home/airflow/.local/lib/python3.11/site-packages/airflow/operators/python.py", line 199, in execute
    return_value = self.execute_callable()
                   ^^^^^^^^^^^^^^^^^^^^^^^
  File "/home/airflow/.local/lib/python3.11/site-packages/airflow/operators/python.py", line 216, in execute_callable
    return self.python_callable(*self.op_args, **self.op_kwargs)
           ^^^^^^^^^^^^^^^^^^^^^^^^^^^^^^^^^^^^^^^^^^^^^^^^^^^^^
  File "/opt/airflow/dags/movie_etl_pipeline.py", line 30, in load_to_postgres
    conn = psycopg2.connect(
           ^^^^^^^^^^^^^^^^^
  File "/home/airflow/.local/lib/python3.11/site-packages/psycopg2/__init__.py", line 122, in connect
    conn = _connect(dsn, connection_factory=connection_factory, **kwasync)
           ^^^^^^^^^^^^^^^^^^^^^^^^^^^^^^^^^^^^^^^^^^^^^^^^^^^^^^^^^^^^^^^
psycopg2.OperationalError: connection to server at "postgres" (172.18.0.2), port 5432 failed: FATAL:  database "moviedb" does not exist

[2025-06-10T22:15:38.276+0000] {taskinstance.py:1138} INFO - Marking task as FAILED. dag_id=movie_etl_pipeline, task_id=load_to_postgres, execution_date=20250610T221535, start_date=20250610T221538, end_date=20250610T221538
[2025-06-10T22:15:38.287+0000] {standard_task_runner.py:107} ERROR - Failed to execute job 11 for task load_to_postgres (connection to server at "postgres" (172.18.0.2), port 5432 failed: FATAL:  database "moviedb" does not exist
; 311)
[2025-06-10T22:15:38.326+0000] {local_task_job_runner.py:234} INFO - Task exited with return code 1
[2025-06-10T22:15:38.348+0000] {taskinstance.py:3280} INFO - 0 downstream tasks scheduled from follow-on schedule check
