[2025-06-10T23:15:05.822+0000] {processor.py:161} INFO - Started process (PID=1032) to work on /opt/airflow/dags/ratings_etl_pipeline.py
[2025-06-10T23:15:05.824+0000] {processor.py:830} INFO - Processing file /opt/airflow/dags/ratings_etl_pipeline.py for tasks to queue
[2025-06-10T23:15:05.826+0000] {logging_mixin.py:188} INFO - [2025-06-10T23:15:05.825+0000] {dagbag.py:538} INFO - Filling up the DagBag from /opt/airflow/dags/ratings_etl_pipeline.py
[2025-06-10T23:15:06.193+0000] {processor.py:840} INFO - DAG(s) 'ratings_etl_pipeline' retrieved from /opt/airflow/dags/ratings_etl_pipeline.py
[2025-06-10T23:15:06.492+0000] {logging_mixin.py:188} INFO - [2025-06-10T23:15:06.491+0000] {override.py:1769} INFO - Created Permission View: can read on DAG:ratings_etl_pipeline
[2025-06-10T23:15:06.507+0000] {logging_mixin.py:188} INFO - [2025-06-10T23:15:06.506+0000] {override.py:1769} INFO - Created Permission View: can edit on DAG:ratings_etl_pipeline
[2025-06-10T23:15:06.515+0000] {logging_mixin.py:188} INFO - [2025-06-10T23:15:06.514+0000] {override.py:1769} INFO - Created Permission View: can delete on DAG:ratings_etl_pipeline
[2025-06-10T23:15:06.517+0000] {logging_mixin.py:188} INFO - [2025-06-10T23:15:06.516+0000] {dag.py:3036} INFO - Sync 1 DAGs
[2025-06-10T23:15:06.528+0000] {logging_mixin.py:188} INFO - [2025-06-10T23:15:06.527+0000] {dag.py:3058} INFO - Creating ORM DAG for ratings_etl_pipeline
[2025-06-10T23:15:06.529+0000] {logging_mixin.py:188} INFO - [2025-06-10T23:15:06.529+0000] {dag.py:3823} INFO - Setting next_dagrun for ratings_etl_pipeline to None, run_after=None
[2025-06-10T23:15:06.558+0000] {processor.py:183} INFO - Processing /opt/airflow/dags/ratings_etl_pipeline.py took 0.740 seconds
[2025-06-10T23:15:37.090+0000] {processor.py:161} INFO - Started process (PID=1044) to work on /opt/airflow/dags/ratings_etl_pipeline.py
[2025-06-10T23:15:37.091+0000] {processor.py:830} INFO - Processing file /opt/airflow/dags/ratings_etl_pipeline.py for tasks to queue
[2025-06-10T23:15:37.092+0000] {logging_mixin.py:188} INFO - [2025-06-10T23:15:37.091+0000] {dagbag.py:538} INFO - Filling up the DagBag from /opt/airflow/dags/ratings_etl_pipeline.py
[2025-06-10T23:15:37.368+0000] {processor.py:840} INFO - DAG(s) 'ratings_etl_pipeline' retrieved from /opt/airflow/dags/ratings_etl_pipeline.py
[2025-06-10T23:15:37.400+0000] {logging_mixin.py:188} INFO - [2025-06-10T23:15:37.400+0000] {dag.py:3036} INFO - Sync 1 DAGs
[2025-06-10T23:15:37.414+0000] {logging_mixin.py:188} INFO - [2025-06-10T23:15:37.414+0000] {dag.py:3823} INFO - Setting next_dagrun for ratings_etl_pipeline to None, run_after=None
[2025-06-10T23:15:37.437+0000] {processor.py:183} INFO - Processing /opt/airflow/dags/ratings_etl_pipeline.py took 0.350 seconds
[2025-06-10T23:16:07.799+0000] {processor.py:161} INFO - Started process (PID=1056) to work on /opt/airflow/dags/ratings_etl_pipeline.py
[2025-06-10T23:16:07.800+0000] {processor.py:830} INFO - Processing file /opt/airflow/dags/ratings_etl_pipeline.py for tasks to queue
[2025-06-10T23:16:07.801+0000] {logging_mixin.py:188} INFO - [2025-06-10T23:16:07.801+0000] {dagbag.py:538} INFO - Filling up the DagBag from /opt/airflow/dags/ratings_etl_pipeline.py
[2025-06-10T23:16:08.043+0000] {processor.py:840} INFO - DAG(s) 'ratings_etl_pipeline' retrieved from /opt/airflow/dags/ratings_etl_pipeline.py
[2025-06-10T23:16:08.069+0000] {logging_mixin.py:188} INFO - [2025-06-10T23:16:08.068+0000] {dag.py:3036} INFO - Sync 1 DAGs
[2025-06-10T23:16:08.081+0000] {logging_mixin.py:188} INFO - [2025-06-10T23:16:08.081+0000] {dag.py:3823} INFO - Setting next_dagrun for ratings_etl_pipeline to None, run_after=None
[2025-06-10T23:16:08.121+0000] {processor.py:183} INFO - Processing /opt/airflow/dags/ratings_etl_pipeline.py took 0.326 seconds
[2025-06-10T23:16:38.520+0000] {processor.py:161} INFO - Started process (PID=1068) to work on /opt/airflow/dags/ratings_etl_pipeline.py
[2025-06-10T23:16:38.521+0000] {processor.py:830} INFO - Processing file /opt/airflow/dags/ratings_etl_pipeline.py for tasks to queue
[2025-06-10T23:16:38.523+0000] {logging_mixin.py:188} INFO - [2025-06-10T23:16:38.522+0000] {dagbag.py:538} INFO - Filling up the DagBag from /opt/airflow/dags/ratings_etl_pipeline.py
[2025-06-10T23:16:38.750+0000] {processor.py:840} INFO - DAG(s) 'ratings_etl_pipeline' retrieved from /opt/airflow/dags/ratings_etl_pipeline.py
[2025-06-10T23:16:38.770+0000] {logging_mixin.py:188} INFO - [2025-06-10T23:16:38.769+0000] {dag.py:3036} INFO - Sync 1 DAGs
[2025-06-10T23:16:38.782+0000] {logging_mixin.py:188} INFO - [2025-06-10T23:16:38.782+0000] {dag.py:3823} INFO - Setting next_dagrun for ratings_etl_pipeline to None, run_after=None
[2025-06-10T23:16:38.797+0000] {processor.py:183} INFO - Processing /opt/airflow/dags/ratings_etl_pipeline.py took 0.282 seconds
[2025-06-10T23:17:09.212+0000] {processor.py:161} INFO - Started process (PID=1080) to work on /opt/airflow/dags/ratings_etl_pipeline.py
[2025-06-10T23:17:09.214+0000] {processor.py:830} INFO - Processing file /opt/airflow/dags/ratings_etl_pipeline.py for tasks to queue
[2025-06-10T23:17:09.217+0000] {logging_mixin.py:188} INFO - [2025-06-10T23:17:09.216+0000] {dagbag.py:538} INFO - Filling up the DagBag from /opt/airflow/dags/ratings_etl_pipeline.py
[2025-06-10T23:17:09.546+0000] {processor.py:840} INFO - DAG(s) 'ratings_etl_pipeline' retrieved from /opt/airflow/dags/ratings_etl_pipeline.py
[2025-06-10T23:17:09.574+0000] {logging_mixin.py:188} INFO - [2025-06-10T23:17:09.574+0000] {dag.py:3036} INFO - Sync 1 DAGs
[2025-06-10T23:17:09.588+0000] {logging_mixin.py:188} INFO - [2025-06-10T23:17:09.588+0000] {dag.py:3823} INFO - Setting next_dagrun for ratings_etl_pipeline to None, run_after=None
[2025-06-10T23:17:09.614+0000] {processor.py:183} INFO - Processing /opt/airflow/dags/ratings_etl_pipeline.py took 0.405 seconds
[2025-06-10T23:17:39.957+0000] {processor.py:161} INFO - Started process (PID=1092) to work on /opt/airflow/dags/ratings_etl_pipeline.py
[2025-06-10T23:17:39.959+0000] {processor.py:830} INFO - Processing file /opt/airflow/dags/ratings_etl_pipeline.py for tasks to queue
[2025-06-10T23:17:39.960+0000] {logging_mixin.py:188} INFO - [2025-06-10T23:17:39.960+0000] {dagbag.py:538} INFO - Filling up the DagBag from /opt/airflow/dags/ratings_etl_pipeline.py
[2025-06-10T23:17:40.205+0000] {processor.py:840} INFO - DAG(s) 'ratings_etl_pipeline' retrieved from /opt/airflow/dags/ratings_etl_pipeline.py
[2025-06-10T23:17:40.226+0000] {logging_mixin.py:188} INFO - [2025-06-10T23:17:40.226+0000] {dag.py:3036} INFO - Sync 1 DAGs
[2025-06-10T23:17:40.237+0000] {logging_mixin.py:188} INFO - [2025-06-10T23:17:40.237+0000] {dag.py:3823} INFO - Setting next_dagrun for ratings_etl_pipeline to None, run_after=None
[2025-06-10T23:17:40.271+0000] {processor.py:183} INFO - Processing /opt/airflow/dags/ratings_etl_pipeline.py took 0.317 seconds
[2025-06-10T23:18:10.598+0000] {processor.py:161} INFO - Started process (PID=1104) to work on /opt/airflow/dags/ratings_etl_pipeline.py
[2025-06-10T23:18:10.599+0000] {processor.py:830} INFO - Processing file /opt/airflow/dags/ratings_etl_pipeline.py for tasks to queue
[2025-06-10T23:18:10.600+0000] {logging_mixin.py:188} INFO - [2025-06-10T23:18:10.600+0000] {dagbag.py:538} INFO - Filling up the DagBag from /opt/airflow/dags/ratings_etl_pipeline.py
[2025-06-10T23:18:10.858+0000] {processor.py:840} INFO - DAG(s) 'ratings_etl_pipeline' retrieved from /opt/airflow/dags/ratings_etl_pipeline.py
[2025-06-10T23:18:10.882+0000] {logging_mixin.py:188} INFO - [2025-06-10T23:18:10.881+0000] {dag.py:3036} INFO - Sync 1 DAGs
[2025-06-10T23:18:10.895+0000] {logging_mixin.py:188} INFO - [2025-06-10T23:18:10.895+0000] {dag.py:3823} INFO - Setting next_dagrun for ratings_etl_pipeline to None, run_after=None
[2025-06-10T23:18:10.910+0000] {processor.py:183} INFO - Processing /opt/airflow/dags/ratings_etl_pipeline.py took 0.316 seconds
[2025-06-10T23:18:41.193+0000] {processor.py:161} INFO - Started process (PID=1122) to work on /opt/airflow/dags/ratings_etl_pipeline.py
[2025-06-10T23:18:41.194+0000] {processor.py:830} INFO - Processing file /opt/airflow/dags/ratings_etl_pipeline.py for tasks to queue
[2025-06-10T23:18:41.196+0000] {logging_mixin.py:188} INFO - [2025-06-10T23:18:41.195+0000] {dagbag.py:538} INFO - Filling up the DagBag from /opt/airflow/dags/ratings_etl_pipeline.py
[2025-06-10T23:18:41.541+0000] {processor.py:840} INFO - DAG(s) 'ratings_etl_pipeline' retrieved from /opt/airflow/dags/ratings_etl_pipeline.py
[2025-06-10T23:18:41.571+0000] {logging_mixin.py:188} INFO - [2025-06-10T23:18:41.571+0000] {dag.py:3036} INFO - Sync 1 DAGs
[2025-06-10T23:18:41.583+0000] {logging_mixin.py:188} INFO - [2025-06-10T23:18:41.583+0000] {dag.py:3823} INFO - Setting next_dagrun for ratings_etl_pipeline to None, run_after=None
[2025-06-10T23:18:41.632+0000] {processor.py:183} INFO - Processing /opt/airflow/dags/ratings_etl_pipeline.py took 0.443 seconds
[2025-06-10T23:19:12.040+0000] {processor.py:161} INFO - Started process (PID=1134) to work on /opt/airflow/dags/ratings_etl_pipeline.py
[2025-06-10T23:19:12.042+0000] {processor.py:830} INFO - Processing file /opt/airflow/dags/ratings_etl_pipeline.py for tasks to queue
[2025-06-10T23:19:12.044+0000] {logging_mixin.py:188} INFO - [2025-06-10T23:19:12.043+0000] {dagbag.py:538} INFO - Filling up the DagBag from /opt/airflow/dags/ratings_etl_pipeline.py
[2025-06-10T23:19:12.317+0000] {processor.py:840} INFO - DAG(s) 'ratings_etl_pipeline' retrieved from /opt/airflow/dags/ratings_etl_pipeline.py
[2025-06-10T23:19:12.343+0000] {logging_mixin.py:188} INFO - [2025-06-10T23:19:12.342+0000] {dag.py:3036} INFO - Sync 1 DAGs
[2025-06-10T23:19:12.356+0000] {logging_mixin.py:188} INFO - [2025-06-10T23:19:12.356+0000] {dag.py:3823} INFO - Setting next_dagrun for ratings_etl_pipeline to None, run_after=None
[2025-06-10T23:19:12.402+0000] {processor.py:183} INFO - Processing /opt/airflow/dags/ratings_etl_pipeline.py took 0.365 seconds
[2025-06-10T23:19:42.797+0000] {processor.py:161} INFO - Started process (PID=1146) to work on /opt/airflow/dags/ratings_etl_pipeline.py
[2025-06-10T23:19:42.798+0000] {processor.py:830} INFO - Processing file /opt/airflow/dags/ratings_etl_pipeline.py for tasks to queue
[2025-06-10T23:19:42.799+0000] {logging_mixin.py:188} INFO - [2025-06-10T23:19:42.799+0000] {dagbag.py:538} INFO - Filling up the DagBag from /opt/airflow/dags/ratings_etl_pipeline.py
[2025-06-10T23:19:43.013+0000] {processor.py:840} INFO - DAG(s) 'ratings_etl_pipeline' retrieved from /opt/airflow/dags/ratings_etl_pipeline.py
[2025-06-10T23:19:43.034+0000] {logging_mixin.py:188} INFO - [2025-06-10T23:19:43.033+0000] {dag.py:3036} INFO - Sync 1 DAGs
[2025-06-10T23:19:43.043+0000] {logging_mixin.py:188} INFO - [2025-06-10T23:19:43.043+0000] {dag.py:3823} INFO - Setting next_dagrun for ratings_etl_pipeline to None, run_after=None
[2025-06-10T23:19:43.078+0000] {processor.py:183} INFO - Processing /opt/airflow/dags/ratings_etl_pipeline.py took 0.285 seconds
[2025-06-10T23:20:13.466+0000] {processor.py:161} INFO - Started process (PID=1158) to work on /opt/airflow/dags/ratings_etl_pipeline.py
[2025-06-10T23:20:13.468+0000] {processor.py:830} INFO - Processing file /opt/airflow/dags/ratings_etl_pipeline.py for tasks to queue
[2025-06-10T23:20:13.470+0000] {logging_mixin.py:188} INFO - [2025-06-10T23:20:13.469+0000] {dagbag.py:538} INFO - Filling up the DagBag from /opt/airflow/dags/ratings_etl_pipeline.py
[2025-06-10T23:20:13.782+0000] {processor.py:840} INFO - DAG(s) 'ratings_etl_pipeline' retrieved from /opt/airflow/dags/ratings_etl_pipeline.py
[2025-06-10T23:20:13.806+0000] {logging_mixin.py:188} INFO - [2025-06-10T23:20:13.805+0000] {dag.py:3036} INFO - Sync 1 DAGs
[2025-06-10T23:20:13.817+0000] {logging_mixin.py:188} INFO - [2025-06-10T23:20:13.817+0000] {dag.py:3823} INFO - Setting next_dagrun for ratings_etl_pipeline to None, run_after=None
[2025-06-10T23:20:13.840+0000] {processor.py:183} INFO - Processing /opt/airflow/dags/ratings_etl_pipeline.py took 0.378 seconds
[2025-06-10T23:20:44.201+0000] {processor.py:161} INFO - Started process (PID=1170) to work on /opt/airflow/dags/ratings_etl_pipeline.py
[2025-06-10T23:20:44.203+0000] {processor.py:830} INFO - Processing file /opt/airflow/dags/ratings_etl_pipeline.py for tasks to queue
[2025-06-10T23:20:44.204+0000] {logging_mixin.py:188} INFO - [2025-06-10T23:20:44.204+0000] {dagbag.py:538} INFO - Filling up the DagBag from /opt/airflow/dags/ratings_etl_pipeline.py
[2025-06-10T23:20:44.476+0000] {processor.py:840} INFO - DAG(s) 'ratings_etl_pipeline' retrieved from /opt/airflow/dags/ratings_etl_pipeline.py
[2025-06-10T23:20:44.501+0000] {logging_mixin.py:188} INFO - [2025-06-10T23:20:44.500+0000] {dag.py:3036} INFO - Sync 1 DAGs
[2025-06-10T23:20:44.511+0000] {logging_mixin.py:188} INFO - [2025-06-10T23:20:44.511+0000] {dag.py:3823} INFO - Setting next_dagrun for ratings_etl_pipeline to None, run_after=None
[2025-06-10T23:20:44.548+0000] {processor.py:183} INFO - Processing /opt/airflow/dags/ratings_etl_pipeline.py took 0.351 seconds
[2025-06-10T23:21:14.982+0000] {processor.py:161} INFO - Started process (PID=1182) to work on /opt/airflow/dags/ratings_etl_pipeline.py
[2025-06-10T23:21:14.984+0000] {processor.py:830} INFO - Processing file /opt/airflow/dags/ratings_etl_pipeline.py for tasks to queue
[2025-06-10T23:21:14.986+0000] {logging_mixin.py:188} INFO - [2025-06-10T23:21:14.985+0000] {dagbag.py:538} INFO - Filling up the DagBag from /opt/airflow/dags/ratings_etl_pipeline.py
[2025-06-10T23:21:15.243+0000] {processor.py:840} INFO - DAG(s) 'ratings_etl_pipeline' retrieved from /opt/airflow/dags/ratings_etl_pipeline.py
[2025-06-10T23:21:15.269+0000] {logging_mixin.py:188} INFO - [2025-06-10T23:21:15.269+0000] {dag.py:3036} INFO - Sync 1 DAGs
[2025-06-10T23:21:15.279+0000] {logging_mixin.py:188} INFO - [2025-06-10T23:21:15.279+0000] {dag.py:3823} INFO - Setting next_dagrun for ratings_etl_pipeline to None, run_after=None
[2025-06-10T23:21:15.316+0000] {processor.py:183} INFO - Processing /opt/airflow/dags/ratings_etl_pipeline.py took 0.338 seconds
[2025-06-10T23:21:45.698+0000] {processor.py:161} INFO - Started process (PID=1194) to work on /opt/airflow/dags/ratings_etl_pipeline.py
[2025-06-10T23:21:45.700+0000] {processor.py:830} INFO - Processing file /opt/airflow/dags/ratings_etl_pipeline.py for tasks to queue
[2025-06-10T23:21:45.701+0000] {logging_mixin.py:188} INFO - [2025-06-10T23:21:45.701+0000] {dagbag.py:538} INFO - Filling up the DagBag from /opt/airflow/dags/ratings_etl_pipeline.py
[2025-06-10T23:21:46.026+0000] {processor.py:840} INFO - DAG(s) 'ratings_etl_pipeline' retrieved from /opt/airflow/dags/ratings_etl_pipeline.py
[2025-06-10T23:21:46.054+0000] {logging_mixin.py:188} INFO - [2025-06-10T23:21:46.053+0000] {dag.py:3036} INFO - Sync 1 DAGs
[2025-06-10T23:21:46.068+0000] {logging_mixin.py:188} INFO - [2025-06-10T23:21:46.068+0000] {dag.py:3823} INFO - Setting next_dagrun for ratings_etl_pipeline to None, run_after=None
[2025-06-10T23:21:46.093+0000] {processor.py:183} INFO - Processing /opt/airflow/dags/ratings_etl_pipeline.py took 0.400 seconds
[2025-06-10T23:22:16.435+0000] {processor.py:161} INFO - Started process (PID=1206) to work on /opt/airflow/dags/ratings_etl_pipeline.py
[2025-06-10T23:22:16.436+0000] {processor.py:830} INFO - Processing file /opt/airflow/dags/ratings_etl_pipeline.py for tasks to queue
[2025-06-10T23:22:16.438+0000] {logging_mixin.py:188} INFO - [2025-06-10T23:22:16.437+0000] {dagbag.py:538} INFO - Filling up the DagBag from /opt/airflow/dags/ratings_etl_pipeline.py
[2025-06-10T23:22:16.679+0000] {processor.py:840} INFO - DAG(s) 'ratings_etl_pipeline' retrieved from /opt/airflow/dags/ratings_etl_pipeline.py
[2025-06-10T23:22:16.705+0000] {logging_mixin.py:188} INFO - [2025-06-10T23:22:16.705+0000] {dag.py:3036} INFO - Sync 1 DAGs
[2025-06-10T23:22:16.718+0000] {logging_mixin.py:188} INFO - [2025-06-10T23:22:16.718+0000] {dag.py:3823} INFO - Setting next_dagrun for ratings_etl_pipeline to None, run_after=None
[2025-06-10T23:22:16.740+0000] {processor.py:183} INFO - Processing /opt/airflow/dags/ratings_etl_pipeline.py took 0.309 seconds
[2025-06-10T23:22:47.070+0000] {processor.py:161} INFO - Started process (PID=1218) to work on /opt/airflow/dags/ratings_etl_pipeline.py
[2025-06-10T23:22:47.072+0000] {processor.py:830} INFO - Processing file /opt/airflow/dags/ratings_etl_pipeline.py for tasks to queue
[2025-06-10T23:22:47.073+0000] {logging_mixin.py:188} INFO - [2025-06-10T23:22:47.073+0000] {dagbag.py:538} INFO - Filling up the DagBag from /opt/airflow/dags/ratings_etl_pipeline.py
[2025-06-10T23:22:47.397+0000] {processor.py:840} INFO - DAG(s) 'ratings_etl_pipeline' retrieved from /opt/airflow/dags/ratings_etl_pipeline.py
[2025-06-10T23:22:47.433+0000] {logging_mixin.py:188} INFO - [2025-06-10T23:22:47.433+0000] {dag.py:3036} INFO - Sync 1 DAGs
[2025-06-10T23:22:47.446+0000] {logging_mixin.py:188} INFO - [2025-06-10T23:22:47.446+0000] {dag.py:3823} INFO - Setting next_dagrun for ratings_etl_pipeline to None, run_after=None
[2025-06-10T23:22:47.470+0000] {processor.py:183} INFO - Processing /opt/airflow/dags/ratings_etl_pipeline.py took 0.403 seconds
[2025-06-10T23:23:17.891+0000] {processor.py:161} INFO - Started process (PID=1230) to work on /opt/airflow/dags/ratings_etl_pipeline.py
[2025-06-10T23:23:17.894+0000] {processor.py:830} INFO - Processing file /opt/airflow/dags/ratings_etl_pipeline.py for tasks to queue
[2025-06-10T23:23:17.898+0000] {logging_mixin.py:188} INFO - [2025-06-10T23:23:17.897+0000] {dagbag.py:538} INFO - Filling up the DagBag from /opt/airflow/dags/ratings_etl_pipeline.py
[2025-06-10T23:23:18.207+0000] {processor.py:840} INFO - DAG(s) 'ratings_etl_pipeline' retrieved from /opt/airflow/dags/ratings_etl_pipeline.py
[2025-06-10T23:23:18.235+0000] {logging_mixin.py:188} INFO - [2025-06-10T23:23:18.235+0000] {dag.py:3036} INFO - Sync 1 DAGs
[2025-06-10T23:23:18.247+0000] {logging_mixin.py:188} INFO - [2025-06-10T23:23:18.247+0000] {dag.py:3823} INFO - Setting next_dagrun for ratings_etl_pipeline to None, run_after=None
[2025-06-10T23:23:18.286+0000] {processor.py:183} INFO - Processing /opt/airflow/dags/ratings_etl_pipeline.py took 0.401 seconds
[2025-06-10T23:23:48.631+0000] {processor.py:161} INFO - Started process (PID=1242) to work on /opt/airflow/dags/ratings_etl_pipeline.py
[2025-06-10T23:23:48.633+0000] {processor.py:830} INFO - Processing file /opt/airflow/dags/ratings_etl_pipeline.py for tasks to queue
[2025-06-10T23:23:48.634+0000] {logging_mixin.py:188} INFO - [2025-06-10T23:23:48.634+0000] {dagbag.py:538} INFO - Filling up the DagBag from /opt/airflow/dags/ratings_etl_pipeline.py
[2025-06-10T23:23:48.917+0000] {processor.py:840} INFO - DAG(s) 'ratings_etl_pipeline' retrieved from /opt/airflow/dags/ratings_etl_pipeline.py
[2025-06-10T23:23:48.944+0000] {logging_mixin.py:188} INFO - [2025-06-10T23:23:48.944+0000] {dag.py:3036} INFO - Sync 1 DAGs
[2025-06-10T23:23:48.954+0000] {logging_mixin.py:188} INFO - [2025-06-10T23:23:48.954+0000] {dag.py:3823} INFO - Setting next_dagrun for ratings_etl_pipeline to None, run_after=None
[2025-06-10T23:23:49.001+0000] {processor.py:183} INFO - Processing /opt/airflow/dags/ratings_etl_pipeline.py took 0.374 seconds
[2025-06-10T23:24:19.354+0000] {processor.py:161} INFO - Started process (PID=1254) to work on /opt/airflow/dags/ratings_etl_pipeline.py
[2025-06-10T23:24:19.355+0000] {processor.py:830} INFO - Processing file /opt/airflow/dags/ratings_etl_pipeline.py for tasks to queue
[2025-06-10T23:24:19.356+0000] {logging_mixin.py:188} INFO - [2025-06-10T23:24:19.355+0000] {dagbag.py:538} INFO - Filling up the DagBag from /opt/airflow/dags/ratings_etl_pipeline.py
[2025-06-10T23:24:19.657+0000] {processor.py:840} INFO - DAG(s) 'ratings_etl_pipeline' retrieved from /opt/airflow/dags/ratings_etl_pipeline.py
[2025-06-10T23:24:19.686+0000] {logging_mixin.py:188} INFO - [2025-06-10T23:24:19.685+0000] {dag.py:3036} INFO - Sync 1 DAGs
[2025-06-10T23:24:19.700+0000] {logging_mixin.py:188} INFO - [2025-06-10T23:24:19.699+0000] {dag.py:3823} INFO - Setting next_dagrun for ratings_etl_pipeline to None, run_after=None
[2025-06-10T23:24:19.743+0000] {processor.py:183} INFO - Processing /opt/airflow/dags/ratings_etl_pipeline.py took 0.393 seconds
[2025-06-10T23:24:50.130+0000] {processor.py:161} INFO - Started process (PID=1266) to work on /opt/airflow/dags/ratings_etl_pipeline.py
[2025-06-10T23:24:50.131+0000] {processor.py:830} INFO - Processing file /opt/airflow/dags/ratings_etl_pipeline.py for tasks to queue
[2025-06-10T23:24:50.132+0000] {logging_mixin.py:188} INFO - [2025-06-10T23:24:50.132+0000] {dagbag.py:538} INFO - Filling up the DagBag from /opt/airflow/dags/ratings_etl_pipeline.py
[2025-06-10T23:24:50.396+0000] {processor.py:840} INFO - DAG(s) 'ratings_etl_pipeline' retrieved from /opt/airflow/dags/ratings_etl_pipeline.py
[2025-06-10T23:24:50.421+0000] {logging_mixin.py:188} INFO - [2025-06-10T23:24:50.420+0000] {dag.py:3036} INFO - Sync 1 DAGs
[2025-06-10T23:24:50.432+0000] {logging_mixin.py:188} INFO - [2025-06-10T23:24:50.432+0000] {dag.py:3823} INFO - Setting next_dagrun for ratings_etl_pipeline to None, run_after=None
[2025-06-10T23:24:50.453+0000] {processor.py:183} INFO - Processing /opt/airflow/dags/ratings_etl_pipeline.py took 0.326 seconds
[2025-06-10T23:25:20.878+0000] {processor.py:161} INFO - Started process (PID=1278) to work on /opt/airflow/dags/ratings_etl_pipeline.py
[2025-06-10T23:25:20.880+0000] {processor.py:830} INFO - Processing file /opt/airflow/dags/ratings_etl_pipeline.py for tasks to queue
[2025-06-10T23:25:20.882+0000] {logging_mixin.py:188} INFO - [2025-06-10T23:25:20.881+0000] {dagbag.py:538} INFO - Filling up the DagBag from /opt/airflow/dags/ratings_etl_pipeline.py
[2025-06-10T23:25:21.146+0000] {processor.py:840} INFO - DAG(s) 'ratings_etl_pipeline' retrieved from /opt/airflow/dags/ratings_etl_pipeline.py
[2025-06-10T23:25:21.180+0000] {logging_mixin.py:188} INFO - [2025-06-10T23:25:21.179+0000] {dag.py:3036} INFO - Sync 1 DAGs
[2025-06-10T23:25:21.199+0000] {logging_mixin.py:188} INFO - [2025-06-10T23:25:21.199+0000] {dag.py:3823} INFO - Setting next_dagrun for ratings_etl_pipeline to None, run_after=None
[2025-06-10T23:25:21.238+0000] {processor.py:183} INFO - Processing /opt/airflow/dags/ratings_etl_pipeline.py took 0.364 seconds
[2025-06-10T23:25:51.586+0000] {processor.py:161} INFO - Started process (PID=1290) to work on /opt/airflow/dags/ratings_etl_pipeline.py
[2025-06-10T23:25:51.588+0000] {processor.py:830} INFO - Processing file /opt/airflow/dags/ratings_etl_pipeline.py for tasks to queue
[2025-06-10T23:25:51.589+0000] {logging_mixin.py:188} INFO - [2025-06-10T23:25:51.589+0000] {dagbag.py:538} INFO - Filling up the DagBag from /opt/airflow/dags/ratings_etl_pipeline.py
[2025-06-10T23:25:51.869+0000] {processor.py:840} INFO - DAG(s) 'ratings_etl_pipeline' retrieved from /opt/airflow/dags/ratings_etl_pipeline.py
[2025-06-10T23:25:51.893+0000] {logging_mixin.py:188} INFO - [2025-06-10T23:25:51.893+0000] {dag.py:3036} INFO - Sync 1 DAGs
[2025-06-10T23:25:51.904+0000] {logging_mixin.py:188} INFO - [2025-06-10T23:25:51.903+0000] {dag.py:3823} INFO - Setting next_dagrun for ratings_etl_pipeline to None, run_after=None
[2025-06-10T23:25:51.942+0000] {processor.py:183} INFO - Processing /opt/airflow/dags/ratings_etl_pipeline.py took 0.360 seconds
[2025-06-10T23:26:22.347+0000] {processor.py:161} INFO - Started process (PID=1302) to work on /opt/airflow/dags/ratings_etl_pipeline.py
[2025-06-10T23:26:22.349+0000] {processor.py:830} INFO - Processing file /opt/airflow/dags/ratings_etl_pipeline.py for tasks to queue
[2025-06-10T23:26:22.351+0000] {logging_mixin.py:188} INFO - [2025-06-10T23:26:22.351+0000] {dagbag.py:538} INFO - Filling up the DagBag from /opt/airflow/dags/ratings_etl_pipeline.py
[2025-06-10T23:26:22.677+0000] {processor.py:840} INFO - DAG(s) 'ratings_etl_pipeline' retrieved from /opt/airflow/dags/ratings_etl_pipeline.py
[2025-06-10T23:26:22.717+0000] {logging_mixin.py:188} INFO - [2025-06-10T23:26:22.716+0000] {dag.py:3036} INFO - Sync 1 DAGs
[2025-06-10T23:26:22.736+0000] {logging_mixin.py:188} INFO - [2025-06-10T23:26:22.736+0000] {dag.py:3823} INFO - Setting next_dagrun for ratings_etl_pipeline to None, run_after=None
[2025-06-10T23:26:22.786+0000] {processor.py:183} INFO - Processing /opt/airflow/dags/ratings_etl_pipeline.py took 0.443 seconds
[2025-06-10T23:26:53.182+0000] {processor.py:161} INFO - Started process (PID=1314) to work on /opt/airflow/dags/ratings_etl_pipeline.py
[2025-06-10T23:26:53.184+0000] {processor.py:830} INFO - Processing file /opt/airflow/dags/ratings_etl_pipeline.py for tasks to queue
[2025-06-10T23:26:53.185+0000] {logging_mixin.py:188} INFO - [2025-06-10T23:26:53.185+0000] {dagbag.py:538} INFO - Filling up the DagBag from /opt/airflow/dags/ratings_etl_pipeline.py
[2025-06-10T23:26:53.498+0000] {processor.py:840} INFO - DAG(s) 'ratings_etl_pipeline' retrieved from /opt/airflow/dags/ratings_etl_pipeline.py
[2025-06-10T23:26:53.527+0000] {logging_mixin.py:188} INFO - [2025-06-10T23:26:53.527+0000] {dag.py:3036} INFO - Sync 1 DAGs
[2025-06-10T23:26:53.541+0000] {logging_mixin.py:188} INFO - [2025-06-10T23:26:53.540+0000] {dag.py:3823} INFO - Setting next_dagrun for ratings_etl_pipeline to None, run_after=None
[2025-06-10T23:26:53.566+0000] {processor.py:183} INFO - Processing /opt/airflow/dags/ratings_etl_pipeline.py took 0.387 seconds
[2025-06-10T23:27:23.926+0000] {processor.py:161} INFO - Started process (PID=1326) to work on /opt/airflow/dags/ratings_etl_pipeline.py
[2025-06-10T23:27:23.928+0000] {processor.py:830} INFO - Processing file /opt/airflow/dags/ratings_etl_pipeline.py for tasks to queue
[2025-06-10T23:27:23.929+0000] {logging_mixin.py:188} INFO - [2025-06-10T23:27:23.929+0000] {dagbag.py:538} INFO - Filling up the DagBag from /opt/airflow/dags/ratings_etl_pipeline.py
[2025-06-10T23:27:24.206+0000] {processor.py:840} INFO - DAG(s) 'ratings_etl_pipeline' retrieved from /opt/airflow/dags/ratings_etl_pipeline.py
[2025-06-10T23:27:24.226+0000] {logging_mixin.py:188} INFO - [2025-06-10T23:27:24.226+0000] {dag.py:3036} INFO - Sync 1 DAGs
[2025-06-10T23:27:24.236+0000] {logging_mixin.py:188} INFO - [2025-06-10T23:27:24.236+0000] {dag.py:3823} INFO - Setting next_dagrun for ratings_etl_pipeline to None, run_after=None
[2025-06-10T23:27:24.269+0000] {processor.py:183} INFO - Processing /opt/airflow/dags/ratings_etl_pipeline.py took 0.347 seconds
[2025-06-10T23:27:54.625+0000] {processor.py:161} INFO - Started process (PID=1338) to work on /opt/airflow/dags/ratings_etl_pipeline.py
[2025-06-10T23:27:54.627+0000] {processor.py:830} INFO - Processing file /opt/airflow/dags/ratings_etl_pipeline.py for tasks to queue
[2025-06-10T23:27:54.629+0000] {logging_mixin.py:188} INFO - [2025-06-10T23:27:54.628+0000] {dagbag.py:538} INFO - Filling up the DagBag from /opt/airflow/dags/ratings_etl_pipeline.py
[2025-06-10T23:27:54.915+0000] {processor.py:840} INFO - DAG(s) 'ratings_etl_pipeline' retrieved from /opt/airflow/dags/ratings_etl_pipeline.py
[2025-06-10T23:27:54.942+0000] {logging_mixin.py:188} INFO - [2025-06-10T23:27:54.942+0000] {dag.py:3036} INFO - Sync 1 DAGs
[2025-06-10T23:27:54.955+0000] {logging_mixin.py:188} INFO - [2025-06-10T23:27:54.955+0000] {dag.py:3823} INFO - Setting next_dagrun for ratings_etl_pipeline to None, run_after=None
[2025-06-10T23:27:55.007+0000] {processor.py:183} INFO - Processing /opt/airflow/dags/ratings_etl_pipeline.py took 0.385 seconds
[2025-06-10T23:28:25.387+0000] {processor.py:161} INFO - Started process (PID=1350) to work on /opt/airflow/dags/ratings_etl_pipeline.py
[2025-06-10T23:28:25.389+0000] {processor.py:830} INFO - Processing file /opt/airflow/dags/ratings_etl_pipeline.py for tasks to queue
[2025-06-10T23:28:25.391+0000] {logging_mixin.py:188} INFO - [2025-06-10T23:28:25.390+0000] {dagbag.py:538} INFO - Filling up the DagBag from /opt/airflow/dags/ratings_etl_pipeline.py
[2025-06-10T23:28:25.690+0000] {processor.py:840} INFO - DAG(s) 'ratings_etl_pipeline' retrieved from /opt/airflow/dags/ratings_etl_pipeline.py
[2025-06-10T23:28:25.718+0000] {logging_mixin.py:188} INFO - [2025-06-10T23:28:25.717+0000] {dag.py:3036} INFO - Sync 1 DAGs
[2025-06-10T23:28:25.733+0000] {logging_mixin.py:188} INFO - [2025-06-10T23:28:25.733+0000] {dag.py:3823} INFO - Setting next_dagrun for ratings_etl_pipeline to None, run_after=None
[2025-06-10T23:28:25.783+0000] {processor.py:183} INFO - Processing /opt/airflow/dags/ratings_etl_pipeline.py took 0.400 seconds
[2025-06-10T23:28:56.176+0000] {processor.py:161} INFO - Started process (PID=1362) to work on /opt/airflow/dags/ratings_etl_pipeline.py
[2025-06-10T23:28:56.178+0000] {processor.py:830} INFO - Processing file /opt/airflow/dags/ratings_etl_pipeline.py for tasks to queue
[2025-06-10T23:28:56.179+0000] {logging_mixin.py:188} INFO - [2025-06-10T23:28:56.178+0000] {dagbag.py:538} INFO - Filling up the DagBag from /opt/airflow/dags/ratings_etl_pipeline.py
[2025-06-10T23:28:56.438+0000] {processor.py:840} INFO - DAG(s) 'ratings_etl_pipeline' retrieved from /opt/airflow/dags/ratings_etl_pipeline.py
[2025-06-10T23:28:56.461+0000] {logging_mixin.py:188} INFO - [2025-06-10T23:28:56.461+0000] {dag.py:3036} INFO - Sync 1 DAGs
[2025-06-10T23:28:56.471+0000] {logging_mixin.py:188} INFO - [2025-06-10T23:28:56.471+0000] {dag.py:3823} INFO - Setting next_dagrun for ratings_etl_pipeline to None, run_after=None
[2025-06-10T23:28:56.492+0000] {processor.py:183} INFO - Processing /opt/airflow/dags/ratings_etl_pipeline.py took 0.319 seconds
[2025-06-10T23:29:26.927+0000] {processor.py:161} INFO - Started process (PID=1374) to work on /opt/airflow/dags/ratings_etl_pipeline.py
[2025-06-10T23:29:26.929+0000] {processor.py:830} INFO - Processing file /opt/airflow/dags/ratings_etl_pipeline.py for tasks to queue
[2025-06-10T23:29:26.930+0000] {logging_mixin.py:188} INFO - [2025-06-10T23:29:26.930+0000] {dagbag.py:538} INFO - Filling up the DagBag from /opt/airflow/dags/ratings_etl_pipeline.py
[2025-06-10T23:29:27.228+0000] {processor.py:840} INFO - DAG(s) 'ratings_etl_pipeline' retrieved from /opt/airflow/dags/ratings_etl_pipeline.py
[2025-06-10T23:29:27.253+0000] {logging_mixin.py:188} INFO - [2025-06-10T23:29:27.253+0000] {dag.py:3036} INFO - Sync 1 DAGs
[2025-06-10T23:29:27.265+0000] {logging_mixin.py:188} INFO - [2025-06-10T23:29:27.265+0000] {dag.py:3823} INFO - Setting next_dagrun for ratings_etl_pipeline to None, run_after=None
[2025-06-10T23:29:27.288+0000] {processor.py:183} INFO - Processing /opt/airflow/dags/ratings_etl_pipeline.py took 0.365 seconds
[2025-06-10T23:29:57.681+0000] {processor.py:161} INFO - Started process (PID=1386) to work on /opt/airflow/dags/ratings_etl_pipeline.py
[2025-06-10T23:29:57.682+0000] {processor.py:830} INFO - Processing file /opt/airflow/dags/ratings_etl_pipeline.py for tasks to queue
[2025-06-10T23:29:57.683+0000] {logging_mixin.py:188} INFO - [2025-06-10T23:29:57.682+0000] {dagbag.py:538} INFO - Filling up the DagBag from /opt/airflow/dags/ratings_etl_pipeline.py
[2025-06-10T23:29:57.906+0000] {processor.py:840} INFO - DAG(s) 'ratings_etl_pipeline' retrieved from /opt/airflow/dags/ratings_etl_pipeline.py
[2025-06-10T23:29:57.929+0000] {logging_mixin.py:188} INFO - [2025-06-10T23:29:57.928+0000] {dag.py:3036} INFO - Sync 1 DAGs
[2025-06-10T23:29:57.940+0000] {logging_mixin.py:188} INFO - [2025-06-10T23:29:57.940+0000] {dag.py:3823} INFO - Setting next_dagrun for ratings_etl_pipeline to None, run_after=None
[2025-06-10T23:29:57.974+0000] {processor.py:183} INFO - Processing /opt/airflow/dags/ratings_etl_pipeline.py took 0.296 seconds
[2025-06-10T23:30:28.340+0000] {processor.py:161} INFO - Started process (PID=1398) to work on /opt/airflow/dags/ratings_etl_pipeline.py
[2025-06-10T23:30:28.341+0000] {processor.py:830} INFO - Processing file /opt/airflow/dags/ratings_etl_pipeline.py for tasks to queue
[2025-06-10T23:30:28.343+0000] {logging_mixin.py:188} INFO - [2025-06-10T23:30:28.343+0000] {dagbag.py:538} INFO - Filling up the DagBag from /opt/airflow/dags/ratings_etl_pipeline.py
[2025-06-10T23:30:28.692+0000] {processor.py:840} INFO - DAG(s) 'ratings_etl_pipeline' retrieved from /opt/airflow/dags/ratings_etl_pipeline.py
[2025-06-10T23:30:28.718+0000] {logging_mixin.py:188} INFO - [2025-06-10T23:30:28.718+0000] {dag.py:3036} INFO - Sync 1 DAGs
[2025-06-10T23:30:28.733+0000] {logging_mixin.py:188} INFO - [2025-06-10T23:30:28.733+0000] {dag.py:3823} INFO - Setting next_dagrun for ratings_etl_pipeline to None, run_after=None
[2025-06-10T23:30:28.778+0000] {processor.py:183} INFO - Processing /opt/airflow/dags/ratings_etl_pipeline.py took 0.441 seconds
[2025-06-10T23:30:59.150+0000] {processor.py:161} INFO - Started process (PID=1410) to work on /opt/airflow/dags/ratings_etl_pipeline.py
[2025-06-10T23:30:59.151+0000] {processor.py:830} INFO - Processing file /opt/airflow/dags/ratings_etl_pipeline.py for tasks to queue
[2025-06-10T23:30:59.153+0000] {logging_mixin.py:188} INFO - [2025-06-10T23:30:59.152+0000] {dagbag.py:538} INFO - Filling up the DagBag from /opt/airflow/dags/ratings_etl_pipeline.py
[2025-06-10T23:30:59.466+0000] {processor.py:840} INFO - DAG(s) 'ratings_etl_pipeline' retrieved from /opt/airflow/dags/ratings_etl_pipeline.py
[2025-06-10T23:30:59.491+0000] {logging_mixin.py:188} INFO - [2025-06-10T23:30:59.491+0000] {dag.py:3036} INFO - Sync 1 DAGs
[2025-06-10T23:30:59.502+0000] {logging_mixin.py:188} INFO - [2025-06-10T23:30:59.502+0000] {dag.py:3823} INFO - Setting next_dagrun for ratings_etl_pipeline to None, run_after=None
[2025-06-10T23:30:59.544+0000] {processor.py:183} INFO - Processing /opt/airflow/dags/ratings_etl_pipeline.py took 0.398 seconds
[2025-06-10T23:31:29.957+0000] {processor.py:161} INFO - Started process (PID=1422) to work on /opt/airflow/dags/ratings_etl_pipeline.py
[2025-06-10T23:31:29.959+0000] {processor.py:830} INFO - Processing file /opt/airflow/dags/ratings_etl_pipeline.py for tasks to queue
[2025-06-10T23:31:29.961+0000] {logging_mixin.py:188} INFO - [2025-06-10T23:31:29.961+0000] {dagbag.py:538} INFO - Filling up the DagBag from /opt/airflow/dags/ratings_etl_pipeline.py
[2025-06-10T23:31:30.240+0000] {processor.py:840} INFO - DAG(s) 'ratings_etl_pipeline' retrieved from /opt/airflow/dags/ratings_etl_pipeline.py
[2025-06-10T23:31:30.264+0000] {logging_mixin.py:188} INFO - [2025-06-10T23:31:30.264+0000] {dag.py:3036} INFO - Sync 1 DAGs
[2025-06-10T23:31:30.278+0000] {logging_mixin.py:188} INFO - [2025-06-10T23:31:30.278+0000] {dag.py:3823} INFO - Setting next_dagrun for ratings_etl_pipeline to None, run_after=None
[2025-06-10T23:31:30.307+0000] {processor.py:183} INFO - Processing /opt/airflow/dags/ratings_etl_pipeline.py took 0.354 seconds
[2025-06-10T23:32:00.722+0000] {processor.py:161} INFO - Started process (PID=1434) to work on /opt/airflow/dags/ratings_etl_pipeline.py
[2025-06-10T23:32:00.724+0000] {processor.py:830} INFO - Processing file /opt/airflow/dags/ratings_etl_pipeline.py for tasks to queue
[2025-06-10T23:32:00.727+0000] {logging_mixin.py:188} INFO - [2025-06-10T23:32:00.726+0000] {dagbag.py:538} INFO - Filling up the DagBag from /opt/airflow/dags/ratings_etl_pipeline.py
[2025-06-10T23:32:01.046+0000] {processor.py:840} INFO - DAG(s) 'ratings_etl_pipeline' retrieved from /opt/airflow/dags/ratings_etl_pipeline.py
[2025-06-10T23:32:01.070+0000] {logging_mixin.py:188} INFO - [2025-06-10T23:32:01.070+0000] {dag.py:3036} INFO - Sync 1 DAGs
[2025-06-10T23:32:01.081+0000] {logging_mixin.py:188} INFO - [2025-06-10T23:32:01.081+0000] {dag.py:3823} INFO - Setting next_dagrun for ratings_etl_pipeline to None, run_after=None
[2025-06-10T23:32:01.118+0000] {processor.py:183} INFO - Processing /opt/airflow/dags/ratings_etl_pipeline.py took 0.401 seconds
[2025-06-10T23:32:31.488+0000] {processor.py:161} INFO - Started process (PID=1446) to work on /opt/airflow/dags/ratings_etl_pipeline.py
[2025-06-10T23:32:31.490+0000] {processor.py:830} INFO - Processing file /opt/airflow/dags/ratings_etl_pipeline.py for tasks to queue
[2025-06-10T23:32:31.492+0000] {logging_mixin.py:188} INFO - [2025-06-10T23:32:31.491+0000] {dagbag.py:538} INFO - Filling up the DagBag from /opt/airflow/dags/ratings_etl_pipeline.py
[2025-06-10T23:32:31.797+0000] {processor.py:840} INFO - DAG(s) 'ratings_etl_pipeline' retrieved from /opt/airflow/dags/ratings_etl_pipeline.py
[2025-06-10T23:32:31.826+0000] {logging_mixin.py:188} INFO - [2025-06-10T23:32:31.826+0000] {dag.py:3036} INFO - Sync 1 DAGs
[2025-06-10T23:32:31.839+0000] {logging_mixin.py:188} INFO - [2025-06-10T23:32:31.838+0000] {dag.py:3823} INFO - Setting next_dagrun for ratings_etl_pipeline to None, run_after=None
[2025-06-10T23:32:31.887+0000] {processor.py:183} INFO - Processing /opt/airflow/dags/ratings_etl_pipeline.py took 0.402 seconds
[2025-06-10T23:33:02.275+0000] {processor.py:161} INFO - Started process (PID=1458) to work on /opt/airflow/dags/ratings_etl_pipeline.py
[2025-06-10T23:33:02.277+0000] {processor.py:830} INFO - Processing file /opt/airflow/dags/ratings_etl_pipeline.py for tasks to queue
[2025-06-10T23:33:02.278+0000] {logging_mixin.py:188} INFO - [2025-06-10T23:33:02.278+0000] {dagbag.py:538} INFO - Filling up the DagBag from /opt/airflow/dags/ratings_etl_pipeline.py
[2025-06-10T23:33:02.554+0000] {processor.py:840} INFO - DAG(s) 'ratings_etl_pipeline' retrieved from /opt/airflow/dags/ratings_etl_pipeline.py
[2025-06-10T23:33:02.580+0000] {logging_mixin.py:188} INFO - [2025-06-10T23:33:02.580+0000] {dag.py:3036} INFO - Sync 1 DAGs
[2025-06-10T23:33:02.595+0000] {logging_mixin.py:188} INFO - [2025-06-10T23:33:02.595+0000] {dag.py:3823} INFO - Setting next_dagrun for ratings_etl_pipeline to None, run_after=None
[2025-06-10T23:33:02.623+0000] {processor.py:183} INFO - Processing /opt/airflow/dags/ratings_etl_pipeline.py took 0.352 seconds
[2025-06-10T23:33:32.992+0000] {processor.py:161} INFO - Started process (PID=1470) to work on /opt/airflow/dags/ratings_etl_pipeline.py
[2025-06-10T23:33:32.994+0000] {processor.py:830} INFO - Processing file /opt/airflow/dags/ratings_etl_pipeline.py for tasks to queue
[2025-06-10T23:33:32.995+0000] {logging_mixin.py:188} INFO - [2025-06-10T23:33:32.995+0000] {dagbag.py:538} INFO - Filling up the DagBag from /opt/airflow/dags/ratings_etl_pipeline.py
[2025-06-10T23:33:33.356+0000] {processor.py:840} INFO - DAG(s) 'ratings_etl_pipeline' retrieved from /opt/airflow/dags/ratings_etl_pipeline.py
[2025-06-10T23:33:33.392+0000] {logging_mixin.py:188} INFO - [2025-06-10T23:33:33.391+0000] {dag.py:3036} INFO - Sync 1 DAGs
[2025-06-10T23:33:33.409+0000] {logging_mixin.py:188} INFO - [2025-06-10T23:33:33.409+0000] {dag.py:3823} INFO - Setting next_dagrun for ratings_etl_pipeline to None, run_after=None
[2025-06-10T23:33:33.454+0000] {processor.py:183} INFO - Processing /opt/airflow/dags/ratings_etl_pipeline.py took 0.465 seconds
[2025-06-10T23:34:03.767+0000] {processor.py:161} INFO - Started process (PID=1482) to work on /opt/airflow/dags/ratings_etl_pipeline.py
[2025-06-10T23:34:03.770+0000] {processor.py:830} INFO - Processing file /opt/airflow/dags/ratings_etl_pipeline.py for tasks to queue
[2025-06-10T23:34:03.772+0000] {logging_mixin.py:188} INFO - [2025-06-10T23:34:03.771+0000] {dagbag.py:538} INFO - Filling up the DagBag from /opt/airflow/dags/ratings_etl_pipeline.py
[2025-06-10T23:34:04.049+0000] {processor.py:840} INFO - DAG(s) 'ratings_etl_pipeline' retrieved from /opt/airflow/dags/ratings_etl_pipeline.py
[2025-06-10T23:34:04.074+0000] {logging_mixin.py:188} INFO - [2025-06-10T23:34:04.073+0000] {dag.py:3036} INFO - Sync 1 DAGs
[2025-06-10T23:34:04.085+0000] {logging_mixin.py:188} INFO - [2025-06-10T23:34:04.085+0000] {dag.py:3823} INFO - Setting next_dagrun for ratings_etl_pipeline to None, run_after=None
[2025-06-10T23:34:04.108+0000] {processor.py:183} INFO - Processing /opt/airflow/dags/ratings_etl_pipeline.py took 0.348 seconds
[2025-06-10T23:34:34.490+0000] {processor.py:161} INFO - Started process (PID=1494) to work on /opt/airflow/dags/ratings_etl_pipeline.py
[2025-06-10T23:34:34.492+0000] {processor.py:830} INFO - Processing file /opt/airflow/dags/ratings_etl_pipeline.py for tasks to queue
[2025-06-10T23:34:34.494+0000] {logging_mixin.py:188} INFO - [2025-06-10T23:34:34.494+0000] {dagbag.py:538} INFO - Filling up the DagBag from /opt/airflow/dags/ratings_etl_pipeline.py
[2025-06-10T23:34:34.818+0000] {processor.py:840} INFO - DAG(s) 'ratings_etl_pipeline' retrieved from /opt/airflow/dags/ratings_etl_pipeline.py
[2025-06-10T23:34:34.844+0000] {logging_mixin.py:188} INFO - [2025-06-10T23:34:34.844+0000] {dag.py:3036} INFO - Sync 1 DAGs
[2025-06-10T23:34:34.855+0000] {logging_mixin.py:188} INFO - [2025-06-10T23:34:34.855+0000] {dag.py:3823} INFO - Setting next_dagrun for ratings_etl_pipeline to None, run_after=None
[2025-06-10T23:34:34.895+0000] {processor.py:183} INFO - Processing /opt/airflow/dags/ratings_etl_pipeline.py took 0.409 seconds
[2025-06-10T23:35:05.224+0000] {processor.py:161} INFO - Started process (PID=1506) to work on /opt/airflow/dags/ratings_etl_pipeline.py
[2025-06-10T23:35:05.226+0000] {processor.py:830} INFO - Processing file /opt/airflow/dags/ratings_etl_pipeline.py for tasks to queue
[2025-06-10T23:35:05.227+0000] {logging_mixin.py:188} INFO - [2025-06-10T23:35:05.226+0000] {dagbag.py:538} INFO - Filling up the DagBag from /opt/airflow/dags/ratings_etl_pipeline.py
[2025-06-10T23:35:05.485+0000] {processor.py:840} INFO - DAG(s) 'ratings_etl_pipeline' retrieved from /opt/airflow/dags/ratings_etl_pipeline.py
[2025-06-10T23:35:05.511+0000] {logging_mixin.py:188} INFO - [2025-06-10T23:35:05.510+0000] {dag.py:3036} INFO - Sync 1 DAGs
[2025-06-10T23:35:05.524+0000] {logging_mixin.py:188} INFO - [2025-06-10T23:35:05.524+0000] {dag.py:3823} INFO - Setting next_dagrun for ratings_etl_pipeline to None, run_after=None
[2025-06-10T23:35:05.565+0000] {processor.py:183} INFO - Processing /opt/airflow/dags/ratings_etl_pipeline.py took 0.343 seconds
[2025-06-10T23:35:35.935+0000] {processor.py:161} INFO - Started process (PID=1518) to work on /opt/airflow/dags/ratings_etl_pipeline.py
[2025-06-10T23:35:35.937+0000] {processor.py:830} INFO - Processing file /opt/airflow/dags/ratings_etl_pipeline.py for tasks to queue
[2025-06-10T23:35:35.939+0000] {logging_mixin.py:188} INFO - [2025-06-10T23:35:35.938+0000] {dagbag.py:538} INFO - Filling up the DagBag from /opt/airflow/dags/ratings_etl_pipeline.py
[2025-06-10T23:35:36.270+0000] {processor.py:840} INFO - DAG(s) 'ratings_etl_pipeline' retrieved from /opt/airflow/dags/ratings_etl_pipeline.py
[2025-06-10T23:35:36.298+0000] {logging_mixin.py:188} INFO - [2025-06-10T23:35:36.297+0000] {dag.py:3036} INFO - Sync 1 DAGs
[2025-06-10T23:35:36.311+0000] {logging_mixin.py:188} INFO - [2025-06-10T23:35:36.311+0000] {dag.py:3823} INFO - Setting next_dagrun for ratings_etl_pipeline to None, run_after=None
[2025-06-10T23:35:36.355+0000] {processor.py:183} INFO - Processing /opt/airflow/dags/ratings_etl_pipeline.py took 0.424 seconds
[2025-06-10T23:36:06.682+0000] {processor.py:161} INFO - Started process (PID=1530) to work on /opt/airflow/dags/ratings_etl_pipeline.py
[2025-06-10T23:36:06.684+0000] {processor.py:830} INFO - Processing file /opt/airflow/dags/ratings_etl_pipeline.py for tasks to queue
[2025-06-10T23:36:06.685+0000] {logging_mixin.py:188} INFO - [2025-06-10T23:36:06.684+0000] {dagbag.py:538} INFO - Filling up the DagBag from /opt/airflow/dags/ratings_etl_pipeline.py
[2025-06-10T23:36:06.940+0000] {processor.py:840} INFO - DAG(s) 'ratings_etl_pipeline' retrieved from /opt/airflow/dags/ratings_etl_pipeline.py
[2025-06-10T23:36:06.967+0000] {logging_mixin.py:188} INFO - [2025-06-10T23:36:06.966+0000] {dag.py:3036} INFO - Sync 1 DAGs
[2025-06-10T23:36:06.978+0000] {logging_mixin.py:188} INFO - [2025-06-10T23:36:06.978+0000] {dag.py:3823} INFO - Setting next_dagrun for ratings_etl_pipeline to None, run_after=None
[2025-06-10T23:36:07.001+0000] {processor.py:183} INFO - Processing /opt/airflow/dags/ratings_etl_pipeline.py took 0.322 seconds
[2025-06-10T23:36:37.357+0000] {processor.py:161} INFO - Started process (PID=1542) to work on /opt/airflow/dags/ratings_etl_pipeline.py
[2025-06-10T23:36:37.359+0000] {processor.py:830} INFO - Processing file /opt/airflow/dags/ratings_etl_pipeline.py for tasks to queue
[2025-06-10T23:36:37.361+0000] {logging_mixin.py:188} INFO - [2025-06-10T23:36:37.360+0000] {dagbag.py:538} INFO - Filling up the DagBag from /opt/airflow/dags/ratings_etl_pipeline.py
[2025-06-10T23:36:37.656+0000] {processor.py:840} INFO - DAG(s) 'ratings_etl_pipeline' retrieved from /opt/airflow/dags/ratings_etl_pipeline.py
[2025-06-10T23:36:37.678+0000] {logging_mixin.py:188} INFO - [2025-06-10T23:36:37.677+0000] {dag.py:3036} INFO - Sync 1 DAGs
[2025-06-10T23:36:37.688+0000] {logging_mixin.py:188} INFO - [2025-06-10T23:36:37.688+0000] {dag.py:3823} INFO - Setting next_dagrun for ratings_etl_pipeline to None, run_after=None
[2025-06-10T23:36:37.710+0000] {processor.py:183} INFO - Processing /opt/airflow/dags/ratings_etl_pipeline.py took 0.358 seconds
[2025-06-10T23:37:08.055+0000] {processor.py:161} INFO - Started process (PID=1554) to work on /opt/airflow/dags/ratings_etl_pipeline.py
[2025-06-10T23:37:08.056+0000] {processor.py:830} INFO - Processing file /opt/airflow/dags/ratings_etl_pipeline.py for tasks to queue
[2025-06-10T23:37:08.058+0000] {logging_mixin.py:188} INFO - [2025-06-10T23:37:08.057+0000] {dagbag.py:538} INFO - Filling up the DagBag from /opt/airflow/dags/ratings_etl_pipeline.py
[2025-06-10T23:37:08.292+0000] {processor.py:840} INFO - DAG(s) 'ratings_etl_pipeline' retrieved from /opt/airflow/dags/ratings_etl_pipeline.py
[2025-06-10T23:37:08.315+0000] {logging_mixin.py:188} INFO - [2025-06-10T23:37:08.314+0000] {dag.py:3036} INFO - Sync 1 DAGs
[2025-06-10T23:37:08.325+0000] {logging_mixin.py:188} INFO - [2025-06-10T23:37:08.324+0000] {dag.py:3823} INFO - Setting next_dagrun for ratings_etl_pipeline to None, run_after=None
[2025-06-10T23:37:08.339+0000] {processor.py:183} INFO - Processing /opt/airflow/dags/ratings_etl_pipeline.py took 0.288 seconds
[2025-06-10T23:37:38.677+0000] {processor.py:161} INFO - Started process (PID=1566) to work on /opt/airflow/dags/ratings_etl_pipeline.py
[2025-06-10T23:37:38.678+0000] {processor.py:830} INFO - Processing file /opt/airflow/dags/ratings_etl_pipeline.py for tasks to queue
[2025-06-10T23:37:38.679+0000] {logging_mixin.py:188} INFO - [2025-06-10T23:37:38.679+0000] {dagbag.py:538} INFO - Filling up the DagBag from /opt/airflow/dags/ratings_etl_pipeline.py
[2025-06-10T23:37:38.898+0000] {processor.py:840} INFO - DAG(s) 'ratings_etl_pipeline' retrieved from /opt/airflow/dags/ratings_etl_pipeline.py
[2025-06-10T23:37:38.920+0000] {logging_mixin.py:188} INFO - [2025-06-10T23:37:38.919+0000] {dag.py:3036} INFO - Sync 1 DAGs
[2025-06-10T23:37:38.930+0000] {logging_mixin.py:188} INFO - [2025-06-10T23:37:38.930+0000] {dag.py:3823} INFO - Setting next_dagrun for ratings_etl_pipeline to None, run_after=None
[2025-06-10T23:37:38.976+0000] {processor.py:183} INFO - Processing /opt/airflow/dags/ratings_etl_pipeline.py took 0.302 seconds
[2025-06-10T23:38:09.395+0000] {processor.py:161} INFO - Started process (PID=1578) to work on /opt/airflow/dags/ratings_etl_pipeline.py
[2025-06-10T23:38:09.396+0000] {processor.py:830} INFO - Processing file /opt/airflow/dags/ratings_etl_pipeline.py for tasks to queue
[2025-06-10T23:38:09.397+0000] {logging_mixin.py:188} INFO - [2025-06-10T23:38:09.397+0000] {dagbag.py:538} INFO - Filling up the DagBag from /opt/airflow/dags/ratings_etl_pipeline.py
[2025-06-10T23:38:09.666+0000] {processor.py:840} INFO - DAG(s) 'ratings_etl_pipeline' retrieved from /opt/airflow/dags/ratings_etl_pipeline.py
[2025-06-10T23:38:09.693+0000] {logging_mixin.py:188} INFO - [2025-06-10T23:38:09.693+0000] {dag.py:3036} INFO - Sync 1 DAGs
[2025-06-10T23:38:09.704+0000] {logging_mixin.py:188} INFO - [2025-06-10T23:38:09.704+0000] {dag.py:3823} INFO - Setting next_dagrun for ratings_etl_pipeline to None, run_after=None
[2025-06-10T23:38:09.724+0000] {processor.py:183} INFO - Processing /opt/airflow/dags/ratings_etl_pipeline.py took 0.332 seconds
[2025-06-10T23:38:40.132+0000] {processor.py:161} INFO - Started process (PID=1590) to work on /opt/airflow/dags/ratings_etl_pipeline.py
[2025-06-10T23:38:40.134+0000] {processor.py:830} INFO - Processing file /opt/airflow/dags/ratings_etl_pipeline.py for tasks to queue
[2025-06-10T23:38:40.135+0000] {logging_mixin.py:188} INFO - [2025-06-10T23:38:40.135+0000] {dagbag.py:538} INFO - Filling up the DagBag from /opt/airflow/dags/ratings_etl_pipeline.py
[2025-06-10T23:38:40.417+0000] {processor.py:840} INFO - DAG(s) 'ratings_etl_pipeline' retrieved from /opt/airflow/dags/ratings_etl_pipeline.py
[2025-06-10T23:38:40.441+0000] {logging_mixin.py:188} INFO - [2025-06-10T23:38:40.441+0000] {dag.py:3036} INFO - Sync 1 DAGs
[2025-06-10T23:38:40.455+0000] {logging_mixin.py:188} INFO - [2025-06-10T23:38:40.455+0000] {dag.py:3823} INFO - Setting next_dagrun for ratings_etl_pipeline to None, run_after=None
[2025-06-10T23:38:40.474+0000] {processor.py:183} INFO - Processing /opt/airflow/dags/ratings_etl_pipeline.py took 0.346 seconds
[2025-06-10T23:39:10.844+0000] {processor.py:161} INFO - Started process (PID=1602) to work on /opt/airflow/dags/ratings_etl_pipeline.py
[2025-06-10T23:39:10.845+0000] {processor.py:830} INFO - Processing file /opt/airflow/dags/ratings_etl_pipeline.py for tasks to queue
[2025-06-10T23:39:10.846+0000] {logging_mixin.py:188} INFO - [2025-06-10T23:39:10.846+0000] {dagbag.py:538} INFO - Filling up the DagBag from /opt/airflow/dags/ratings_etl_pipeline.py
[2025-06-10T23:39:11.057+0000] {processor.py:840} INFO - DAG(s) 'ratings_etl_pipeline' retrieved from /opt/airflow/dags/ratings_etl_pipeline.py
[2025-06-10T23:39:11.077+0000] {logging_mixin.py:188} INFO - [2025-06-10T23:39:11.077+0000] {dag.py:3036} INFO - Sync 1 DAGs
[2025-06-10T23:39:11.087+0000] {logging_mixin.py:188} INFO - [2025-06-10T23:39:11.087+0000] {dag.py:3823} INFO - Setting next_dagrun for ratings_etl_pipeline to None, run_after=None
[2025-06-10T23:39:11.104+0000] {processor.py:183} INFO - Processing /opt/airflow/dags/ratings_etl_pipeline.py took 0.264 seconds
[2025-06-10T23:39:41.468+0000] {processor.py:161} INFO - Started process (PID=1614) to work on /opt/airflow/dags/ratings_etl_pipeline.py
[2025-06-10T23:39:41.470+0000] {processor.py:830} INFO - Processing file /opt/airflow/dags/ratings_etl_pipeline.py for tasks to queue
[2025-06-10T23:39:41.471+0000] {logging_mixin.py:188} INFO - [2025-06-10T23:39:41.471+0000] {dagbag.py:538} INFO - Filling up the DagBag from /opt/airflow/dags/ratings_etl_pipeline.py
[2025-06-10T23:39:41.707+0000] {processor.py:840} INFO - DAG(s) 'ratings_etl_pipeline' retrieved from /opt/airflow/dags/ratings_etl_pipeline.py
[2025-06-10T23:39:41.732+0000] {logging_mixin.py:188} INFO - [2025-06-10T23:39:41.732+0000] {dag.py:3036} INFO - Sync 1 DAGs
[2025-06-10T23:39:41.745+0000] {logging_mixin.py:188} INFO - [2025-06-10T23:39:41.745+0000] {dag.py:3823} INFO - Setting next_dagrun for ratings_etl_pipeline to None, run_after=None
[2025-06-10T23:39:41.786+0000] {processor.py:183} INFO - Processing /opt/airflow/dags/ratings_etl_pipeline.py took 0.322 seconds
[2025-06-10T23:40:12.154+0000] {processor.py:161} INFO - Started process (PID=1626) to work on /opt/airflow/dags/ratings_etl_pipeline.py
[2025-06-10T23:40:12.156+0000] {processor.py:830} INFO - Processing file /opt/airflow/dags/ratings_etl_pipeline.py for tasks to queue
[2025-06-10T23:40:12.158+0000] {logging_mixin.py:188} INFO - [2025-06-10T23:40:12.157+0000] {dagbag.py:538} INFO - Filling up the DagBag from /opt/airflow/dags/ratings_etl_pipeline.py
[2025-06-10T23:40:12.440+0000] {processor.py:840} INFO - DAG(s) 'ratings_etl_pipeline' retrieved from /opt/airflow/dags/ratings_etl_pipeline.py
[2025-06-10T23:40:12.465+0000] {logging_mixin.py:188} INFO - [2025-06-10T23:40:12.465+0000] {dag.py:3036} INFO - Sync 1 DAGs
[2025-06-10T23:40:12.477+0000] {logging_mixin.py:188} INFO - [2025-06-10T23:40:12.477+0000] {dag.py:3823} INFO - Setting next_dagrun for ratings_etl_pipeline to None, run_after=None
[2025-06-10T23:40:12.503+0000] {processor.py:183} INFO - Processing /opt/airflow/dags/ratings_etl_pipeline.py took 0.357 seconds
[2025-06-10T23:40:42.951+0000] {processor.py:161} INFO - Started process (PID=1638) to work on /opt/airflow/dags/ratings_etl_pipeline.py
[2025-06-10T23:40:42.952+0000] {processor.py:830} INFO - Processing file /opt/airflow/dags/ratings_etl_pipeline.py for tasks to queue
[2025-06-10T23:40:42.954+0000] {logging_mixin.py:188} INFO - [2025-06-10T23:40:42.953+0000] {dagbag.py:538} INFO - Filling up the DagBag from /opt/airflow/dags/ratings_etl_pipeline.py
[2025-06-10T23:40:43.197+0000] {processor.py:840} INFO - DAG(s) 'ratings_etl_pipeline' retrieved from /opt/airflow/dags/ratings_etl_pipeline.py
[2025-06-10T23:40:43.220+0000] {logging_mixin.py:188} INFO - [2025-06-10T23:40:43.220+0000] {dag.py:3036} INFO - Sync 1 DAGs
[2025-06-10T23:40:43.234+0000] {logging_mixin.py:188} INFO - [2025-06-10T23:40:43.234+0000] {dag.py:3823} INFO - Setting next_dagrun for ratings_etl_pipeline to None, run_after=None
[2025-06-10T23:40:43.254+0000] {processor.py:183} INFO - Processing /opt/airflow/dags/ratings_etl_pipeline.py took 0.309 seconds
[2025-06-10T23:41:13.656+0000] {processor.py:161} INFO - Started process (PID=1650) to work on /opt/airflow/dags/ratings_etl_pipeline.py
[2025-06-10T23:41:13.658+0000] {processor.py:830} INFO - Processing file /opt/airflow/dags/ratings_etl_pipeline.py for tasks to queue
[2025-06-10T23:41:13.659+0000] {logging_mixin.py:188} INFO - [2025-06-10T23:41:13.659+0000] {dagbag.py:538} INFO - Filling up the DagBag from /opt/airflow/dags/ratings_etl_pipeline.py
[2025-06-10T23:41:13.925+0000] {processor.py:840} INFO - DAG(s) 'ratings_etl_pipeline' retrieved from /opt/airflow/dags/ratings_etl_pipeline.py
[2025-06-10T23:41:13.949+0000] {logging_mixin.py:188} INFO - [2025-06-10T23:41:13.949+0000] {dag.py:3036} INFO - Sync 1 DAGs
[2025-06-10T23:41:13.961+0000] {logging_mixin.py:188} INFO - [2025-06-10T23:41:13.960+0000] {dag.py:3823} INFO - Setting next_dagrun for ratings_etl_pipeline to None, run_after=None
[2025-06-10T23:41:13.981+0000] {processor.py:183} INFO - Processing /opt/airflow/dags/ratings_etl_pipeline.py took 0.331 seconds
[2025-06-10T23:41:44.364+0000] {processor.py:161} INFO - Started process (PID=1662) to work on /opt/airflow/dags/ratings_etl_pipeline.py
[2025-06-10T23:41:44.366+0000] {processor.py:830} INFO - Processing file /opt/airflow/dags/ratings_etl_pipeline.py for tasks to queue
[2025-06-10T23:41:44.367+0000] {logging_mixin.py:188} INFO - [2025-06-10T23:41:44.367+0000] {dagbag.py:538} INFO - Filling up the DagBag from /opt/airflow/dags/ratings_etl_pipeline.py
[2025-06-10T23:41:44.649+0000] {processor.py:840} INFO - DAG(s) 'ratings_etl_pipeline' retrieved from /opt/airflow/dags/ratings_etl_pipeline.py
[2025-06-10T23:41:44.674+0000] {logging_mixin.py:188} INFO - [2025-06-10T23:41:44.673+0000] {dag.py:3036} INFO - Sync 1 DAGs
[2025-06-10T23:41:44.687+0000] {logging_mixin.py:188} INFO - [2025-06-10T23:41:44.686+0000] {dag.py:3823} INFO - Setting next_dagrun for ratings_etl_pipeline to None, run_after=None
[2025-06-10T23:41:44.707+0000] {processor.py:183} INFO - Processing /opt/airflow/dags/ratings_etl_pipeline.py took 0.346 seconds
[2025-06-10T23:42:15.167+0000] {processor.py:161} INFO - Started process (PID=1674) to work on /opt/airflow/dags/ratings_etl_pipeline.py
[2025-06-10T23:42:15.169+0000] {processor.py:830} INFO - Processing file /opt/airflow/dags/ratings_etl_pipeline.py for tasks to queue
[2025-06-10T23:42:15.171+0000] {logging_mixin.py:188} INFO - [2025-06-10T23:42:15.170+0000] {dagbag.py:538} INFO - Filling up the DagBag from /opt/airflow/dags/ratings_etl_pipeline.py
[2025-06-10T23:42:15.477+0000] {processor.py:840} INFO - DAG(s) 'ratings_etl_pipeline' retrieved from /opt/airflow/dags/ratings_etl_pipeline.py
[2025-06-10T23:42:15.501+0000] {logging_mixin.py:188} INFO - [2025-06-10T23:42:15.501+0000] {dag.py:3036} INFO - Sync 1 DAGs
[2025-06-10T23:42:15.513+0000] {logging_mixin.py:188} INFO - [2025-06-10T23:42:15.512+0000] {dag.py:3823} INFO - Setting next_dagrun for ratings_etl_pipeline to None, run_after=None
[2025-06-10T23:42:15.557+0000] {processor.py:183} INFO - Processing /opt/airflow/dags/ratings_etl_pipeline.py took 0.397 seconds
[2025-06-10T23:42:45.944+0000] {processor.py:161} INFO - Started process (PID=1686) to work on /opt/airflow/dags/ratings_etl_pipeline.py
[2025-06-10T23:42:45.946+0000] {processor.py:830} INFO - Processing file /opt/airflow/dags/ratings_etl_pipeline.py for tasks to queue
[2025-06-10T23:42:45.947+0000] {logging_mixin.py:188} INFO - [2025-06-10T23:42:45.947+0000] {dagbag.py:538} INFO - Filling up the DagBag from /opt/airflow/dags/ratings_etl_pipeline.py
[2025-06-10T23:42:46.205+0000] {processor.py:840} INFO - DAG(s) 'ratings_etl_pipeline' retrieved from /opt/airflow/dags/ratings_etl_pipeline.py
[2025-06-10T23:42:46.224+0000] {logging_mixin.py:188} INFO - [2025-06-10T23:42:46.224+0000] {dag.py:3036} INFO - Sync 1 DAGs
[2025-06-10T23:42:46.234+0000] {logging_mixin.py:188} INFO - [2025-06-10T23:42:46.234+0000] {dag.py:3823} INFO - Setting next_dagrun for ratings_etl_pipeline to None, run_after=None
[2025-06-10T23:42:46.255+0000] {processor.py:183} INFO - Processing /opt/airflow/dags/ratings_etl_pipeline.py took 0.314 seconds
[2025-06-10T23:43:37.866+0000] {processor.py:161} INFO - Started process (PID=171) to work on /opt/airflow/dags/ratings_etl_pipeline.py
[2025-06-10T23:43:37.868+0000] {processor.py:830} INFO - Processing file /opt/airflow/dags/ratings_etl_pipeline.py for tasks to queue
[2025-06-10T23:43:37.869+0000] {logging_mixin.py:188} INFO - [2025-06-10T23:43:37.869+0000] {dagbag.py:538} INFO - Filling up the DagBag from /opt/airflow/dags/ratings_etl_pipeline.py
[2025-06-10T23:43:39.102+0000] {processor.py:840} INFO - DAG(s) 'ratings_etl_pipeline' retrieved from /opt/airflow/dags/ratings_etl_pipeline.py
[2025-06-10T23:43:39.219+0000] {logging_mixin.py:188} INFO - [2025-06-10T23:43:39.217+0000] {dag.py:3036} INFO - Sync 1 DAGs
[2025-06-10T23:43:39.258+0000] {logging_mixin.py:188} INFO - [2025-06-10T23:43:39.257+0000] {dag.py:3823} INFO - Setting next_dagrun for ratings_etl_pipeline to None, run_after=None
[2025-06-10T23:43:39.293+0000] {processor.py:183} INFO - Processing /opt/airflow/dags/ratings_etl_pipeline.py took 1.431 seconds
[2025-06-10T23:44:09.704+0000] {processor.py:161} INFO - Started process (PID=197) to work on /opt/airflow/dags/ratings_etl_pipeline.py
[2025-06-10T23:44:09.706+0000] {processor.py:830} INFO - Processing file /opt/airflow/dags/ratings_etl_pipeline.py for tasks to queue
[2025-06-10T23:44:09.707+0000] {logging_mixin.py:188} INFO - [2025-06-10T23:44:09.707+0000] {dagbag.py:538} INFO - Filling up the DagBag from /opt/airflow/dags/ratings_etl_pipeline.py
[2025-06-10T23:44:09.993+0000] {processor.py:840} INFO - DAG(s) 'ratings_etl_pipeline' retrieved from /opt/airflow/dags/ratings_etl_pipeline.py
[2025-06-10T23:44:10.019+0000] {logging_mixin.py:188} INFO - [2025-06-10T23:44:10.019+0000] {dag.py:3036} INFO - Sync 1 DAGs
[2025-06-10T23:44:10.033+0000] {logging_mixin.py:188} INFO - [2025-06-10T23:44:10.033+0000] {dag.py:3823} INFO - Setting next_dagrun for ratings_etl_pipeline to None, run_after=None
[2025-06-10T23:44:10.054+0000] {processor.py:183} INFO - Processing /opt/airflow/dags/ratings_etl_pipeline.py took 0.355 seconds
[2025-06-10T23:44:40.500+0000] {processor.py:161} INFO - Started process (PID=226) to work on /opt/airflow/dags/ratings_etl_pipeline.py
[2025-06-10T23:44:40.501+0000] {processor.py:830} INFO - Processing file /opt/airflow/dags/ratings_etl_pipeline.py for tasks to queue
[2025-06-10T23:44:40.502+0000] {logging_mixin.py:188} INFO - [2025-06-10T23:44:40.501+0000] {dagbag.py:538} INFO - Filling up the DagBag from /opt/airflow/dags/ratings_etl_pipeline.py
[2025-06-10T23:44:40.751+0000] {processor.py:840} INFO - DAG(s) 'ratings_etl_pipeline' retrieved from /opt/airflow/dags/ratings_etl_pipeline.py
[2025-06-10T23:44:40.772+0000] {logging_mixin.py:188} INFO - [2025-06-10T23:44:40.772+0000] {dag.py:3036} INFO - Sync 1 DAGs
[2025-06-10T23:44:40.782+0000] {logging_mixin.py:188} INFO - [2025-06-10T23:44:40.782+0000] {dag.py:3823} INFO - Setting next_dagrun for ratings_etl_pipeline to None, run_after=None
[2025-06-10T23:44:40.823+0000] {processor.py:183} INFO - Processing /opt/airflow/dags/ratings_etl_pipeline.py took 0.328 seconds
[2025-06-10T23:45:11.066+0000] {processor.py:161} INFO - Started process (PID=255) to work on /opt/airflow/dags/ratings_etl_pipeline.py
[2025-06-10T23:45:11.068+0000] {processor.py:830} INFO - Processing file /opt/airflow/dags/ratings_etl_pipeline.py for tasks to queue
[2025-06-10T23:45:11.070+0000] {logging_mixin.py:188} INFO - [2025-06-10T23:45:11.069+0000] {dagbag.py:538} INFO - Filling up the DagBag from /opt/airflow/dags/ratings_etl_pipeline.py
[2025-06-10T23:45:11.361+0000] {processor.py:840} INFO - DAG(s) 'ratings_etl_pipeline' retrieved from /opt/airflow/dags/ratings_etl_pipeline.py
[2025-06-10T23:45:11.388+0000] {logging_mixin.py:188} INFO - [2025-06-10T23:45:11.388+0000] {dag.py:3036} INFO - Sync 1 DAGs
[2025-06-10T23:45:11.401+0000] {logging_mixin.py:188} INFO - [2025-06-10T23:45:11.401+0000] {dag.py:3823} INFO - Setting next_dagrun for ratings_etl_pipeline to None, run_after=None
[2025-06-10T23:45:11.423+0000] {processor.py:183} INFO - Processing /opt/airflow/dags/ratings_etl_pipeline.py took 0.361 seconds
[2025-06-10T23:45:41.890+0000] {processor.py:161} INFO - Started process (PID=284) to work on /opt/airflow/dags/ratings_etl_pipeline.py
[2025-06-10T23:45:41.891+0000] {processor.py:830} INFO - Processing file /opt/airflow/dags/ratings_etl_pipeline.py for tasks to queue
[2025-06-10T23:45:41.892+0000] {logging_mixin.py:188} INFO - [2025-06-10T23:45:41.892+0000] {dagbag.py:538} INFO - Filling up the DagBag from /opt/airflow/dags/ratings_etl_pipeline.py
[2025-06-10T23:45:42.136+0000] {processor.py:840} INFO - DAG(s) 'ratings_etl_pipeline' retrieved from /opt/airflow/dags/ratings_etl_pipeline.py
[2025-06-10T23:45:42.164+0000] {logging_mixin.py:188} INFO - [2025-06-10T23:45:42.163+0000] {dag.py:3036} INFO - Sync 1 DAGs
[2025-06-10T23:45:42.176+0000] {logging_mixin.py:188} INFO - [2025-06-10T23:45:42.176+0000] {dag.py:3823} INFO - Setting next_dagrun for ratings_etl_pipeline to None, run_after=None
[2025-06-10T23:45:42.207+0000] {processor.py:183} INFO - Processing /opt/airflow/dags/ratings_etl_pipeline.py took 0.320 seconds
[2025-06-10T23:46:12.666+0000] {processor.py:161} INFO - Started process (PID=327) to work on /opt/airflow/dags/ratings_etl_pipeline.py
[2025-06-10T23:46:12.667+0000] {processor.py:830} INFO - Processing file /opt/airflow/dags/ratings_etl_pipeline.py for tasks to queue
[2025-06-10T23:46:12.669+0000] {logging_mixin.py:188} INFO - [2025-06-10T23:46:12.668+0000] {dagbag.py:538} INFO - Filling up the DagBag from /opt/airflow/dags/ratings_etl_pipeline.py
[2025-06-10T23:46:13.007+0000] {processor.py:840} INFO - DAG(s) 'ratings_etl_pipeline' retrieved from /opt/airflow/dags/ratings_etl_pipeline.py
[2025-06-10T23:46:13.036+0000] {logging_mixin.py:188} INFO - [2025-06-10T23:46:13.036+0000] {dag.py:3036} INFO - Sync 1 DAGs
[2025-06-10T23:46:13.050+0000] {logging_mixin.py:188} INFO - [2025-06-10T23:46:13.050+0000] {dag.py:3823} INFO - Setting next_dagrun for ratings_etl_pipeline to None, run_after=None
[2025-06-10T23:46:13.092+0000] {processor.py:183} INFO - Processing /opt/airflow/dags/ratings_etl_pipeline.py took 0.430 seconds
[2025-06-10T23:46:43.295+0000] {processor.py:161} INFO - Started process (PID=356) to work on /opt/airflow/dags/ratings_etl_pipeline.py
[2025-06-10T23:46:43.297+0000] {processor.py:830} INFO - Processing file /opt/airflow/dags/ratings_etl_pipeline.py for tasks to queue
[2025-06-10T23:46:43.298+0000] {logging_mixin.py:188} INFO - [2025-06-10T23:46:43.298+0000] {dagbag.py:538} INFO - Filling up the DagBag from /opt/airflow/dags/ratings_etl_pipeline.py
[2025-06-10T23:46:43.539+0000] {processor.py:840} INFO - DAG(s) 'ratings_etl_pipeline' retrieved from /opt/airflow/dags/ratings_etl_pipeline.py
[2025-06-10T23:46:43.564+0000] {logging_mixin.py:188} INFO - [2025-06-10T23:46:43.563+0000] {dag.py:3036} INFO - Sync 1 DAGs
[2025-06-10T23:46:43.575+0000] {logging_mixin.py:188} INFO - [2025-06-10T23:46:43.575+0000] {dag.py:3823} INFO - Setting next_dagrun for ratings_etl_pipeline to None, run_after=None
[2025-06-10T23:46:43.596+0000] {processor.py:183} INFO - Processing /opt/airflow/dags/ratings_etl_pipeline.py took 0.303 seconds
[2025-06-10T23:47:13.942+0000] {processor.py:161} INFO - Started process (PID=385) to work on /opt/airflow/dags/ratings_etl_pipeline.py
[2025-06-10T23:47:13.943+0000] {processor.py:830} INFO - Processing file /opt/airflow/dags/ratings_etl_pipeline.py for tasks to queue
[2025-06-10T23:47:13.944+0000] {logging_mixin.py:188} INFO - [2025-06-10T23:47:13.944+0000] {dagbag.py:538} INFO - Filling up the DagBag from /opt/airflow/dags/ratings_etl_pipeline.py
[2025-06-10T23:47:14.169+0000] {processor.py:840} INFO - DAG(s) 'ratings_etl_pipeline' retrieved from /opt/airflow/dags/ratings_etl_pipeline.py
[2025-06-10T23:47:14.190+0000] {logging_mixin.py:188} INFO - [2025-06-10T23:47:14.190+0000] {dag.py:3036} INFO - Sync 1 DAGs
[2025-06-10T23:47:14.200+0000] {logging_mixin.py:188} INFO - [2025-06-10T23:47:14.200+0000] {dag.py:3823} INFO - Setting next_dagrun for ratings_etl_pipeline to None, run_after=None
[2025-06-10T23:47:14.237+0000] {processor.py:183} INFO - Processing /opt/airflow/dags/ratings_etl_pipeline.py took 0.298 seconds
[2025-06-10T23:47:44.305+0000] {processor.py:161} INFO - Started process (PID=414) to work on /opt/airflow/dags/ratings_etl_pipeline.py
[2025-06-10T23:47:44.306+0000] {processor.py:830} INFO - Processing file /opt/airflow/dags/ratings_etl_pipeline.py for tasks to queue
[2025-06-10T23:47:44.308+0000] {logging_mixin.py:188} INFO - [2025-06-10T23:47:44.308+0000] {dagbag.py:538} INFO - Filling up the DagBag from /opt/airflow/dags/ratings_etl_pipeline.py
[2025-06-10T23:47:44.568+0000] {processor.py:840} INFO - DAG(s) 'ratings_etl_pipeline' retrieved from /opt/airflow/dags/ratings_etl_pipeline.py
[2025-06-10T23:47:44.591+0000] {logging_mixin.py:188} INFO - [2025-06-10T23:47:44.591+0000] {dag.py:3036} INFO - Sync 1 DAGs
[2025-06-10T23:47:44.602+0000] {logging_mixin.py:188} INFO - [2025-06-10T23:47:44.602+0000] {dag.py:3823} INFO - Setting next_dagrun for ratings_etl_pipeline to None, run_after=None
[2025-06-10T23:47:44.643+0000] {processor.py:183} INFO - Processing /opt/airflow/dags/ratings_etl_pipeline.py took 0.341 seconds
[2025-06-10T23:48:14.877+0000] {processor.py:161} INFO - Started process (PID=443) to work on /opt/airflow/dags/ratings_etl_pipeline.py
[2025-06-10T23:48:14.878+0000] {processor.py:830} INFO - Processing file /opt/airflow/dags/ratings_etl_pipeline.py for tasks to queue
[2025-06-10T23:48:14.879+0000] {logging_mixin.py:188} INFO - [2025-06-10T23:48:14.879+0000] {dagbag.py:538} INFO - Filling up the DagBag from /opt/airflow/dags/ratings_etl_pipeline.py
[2025-06-10T23:48:15.123+0000] {processor.py:840} INFO - DAG(s) 'ratings_etl_pipeline' retrieved from /opt/airflow/dags/ratings_etl_pipeline.py
[2025-06-10T23:48:15.149+0000] {logging_mixin.py:188} INFO - [2025-06-10T23:48:15.149+0000] {dag.py:3036} INFO - Sync 1 DAGs
[2025-06-10T23:48:15.163+0000] {logging_mixin.py:188} INFO - [2025-06-10T23:48:15.163+0000] {dag.py:3823} INFO - Setting next_dagrun for ratings_etl_pipeline to None, run_after=None
[2025-06-10T23:48:15.209+0000] {processor.py:183} INFO - Processing /opt/airflow/dags/ratings_etl_pipeline.py took 0.336 seconds
[2025-06-10T23:48:45.562+0000] {processor.py:161} INFO - Started process (PID=472) to work on /opt/airflow/dags/ratings_etl_pipeline.py
[2025-06-10T23:48:45.564+0000] {processor.py:830} INFO - Processing file /opt/airflow/dags/ratings_etl_pipeline.py for tasks to queue
[2025-06-10T23:48:45.565+0000] {logging_mixin.py:188} INFO - [2025-06-10T23:48:45.564+0000] {dagbag.py:538} INFO - Filling up the DagBag from /opt/airflow/dags/ratings_etl_pipeline.py
[2025-06-10T23:48:45.917+0000] {processor.py:840} INFO - DAG(s) 'ratings_etl_pipeline' retrieved from /opt/airflow/dags/ratings_etl_pipeline.py
[2025-06-10T23:48:45.946+0000] {logging_mixin.py:188} INFO - [2025-06-10T23:48:45.946+0000] {dag.py:3036} INFO - Sync 1 DAGs
[2025-06-10T23:48:45.959+0000] {logging_mixin.py:188} INFO - [2025-06-10T23:48:45.959+0000] {dag.py:3823} INFO - Setting next_dagrun for ratings_etl_pipeline to None, run_after=None
[2025-06-10T23:48:45.985+0000] {processor.py:183} INFO - Processing /opt/airflow/dags/ratings_etl_pipeline.py took 0.426 seconds
[2025-06-10T23:49:16.092+0000] {processor.py:161} INFO - Started process (PID=501) to work on /opt/airflow/dags/ratings_etl_pipeline.py
[2025-06-10T23:49:16.093+0000] {processor.py:830} INFO - Processing file /opt/airflow/dags/ratings_etl_pipeline.py for tasks to queue
[2025-06-10T23:49:16.094+0000] {logging_mixin.py:188} INFO - [2025-06-10T23:49:16.094+0000] {dagbag.py:538} INFO - Filling up the DagBag from /opt/airflow/dags/ratings_etl_pipeline.py
[2025-06-10T23:49:16.384+0000] {processor.py:840} INFO - DAG(s) 'ratings_etl_pipeline' retrieved from /opt/airflow/dags/ratings_etl_pipeline.py
[2025-06-10T23:49:16.413+0000] {logging_mixin.py:188} INFO - [2025-06-10T23:49:16.412+0000] {dag.py:3036} INFO - Sync 1 DAGs
[2025-06-10T23:49:16.425+0000] {logging_mixin.py:188} INFO - [2025-06-10T23:49:16.425+0000] {dag.py:3823} INFO - Setting next_dagrun for ratings_etl_pipeline to None, run_after=None
[2025-06-10T23:49:16.448+0000] {processor.py:183} INFO - Processing /opt/airflow/dags/ratings_etl_pipeline.py took 0.359 seconds
[2025-06-10T23:49:46.941+0000] {processor.py:161} INFO - Started process (PID=569) to work on /opt/airflow/dags/ratings_etl_pipeline.py
[2025-06-10T23:49:46.943+0000] {processor.py:830} INFO - Processing file /opt/airflow/dags/ratings_etl_pipeline.py for tasks to queue
[2025-06-10T23:49:46.944+0000] {logging_mixin.py:188} INFO - [2025-06-10T23:49:46.943+0000] {dagbag.py:538} INFO - Filling up the DagBag from /opt/airflow/dags/ratings_etl_pipeline.py
[2025-06-10T23:49:47.270+0000] {processor.py:840} INFO - DAG(s) 'ratings_etl_pipeline' retrieved from /opt/airflow/dags/ratings_etl_pipeline.py
[2025-06-10T23:49:47.307+0000] {logging_mixin.py:188} INFO - [2025-06-10T23:49:47.306+0000] {dag.py:3036} INFO - Sync 1 DAGs
[2025-06-10T23:49:47.321+0000] {logging_mixin.py:188} INFO - [2025-06-10T23:49:47.320+0000] {dag.py:3823} INFO - Setting next_dagrun for ratings_etl_pipeline to None, run_after=None
[2025-06-10T23:49:47.349+0000] {processor.py:183} INFO - Processing /opt/airflow/dags/ratings_etl_pipeline.py took 0.410 seconds
[2025-06-10T23:50:17.878+0000] {processor.py:161} INFO - Started process (PID=598) to work on /opt/airflow/dags/ratings_etl_pipeline.py
[2025-06-10T23:50:17.880+0000] {processor.py:830} INFO - Processing file /opt/airflow/dags/ratings_etl_pipeline.py for tasks to queue
[2025-06-10T23:50:17.881+0000] {logging_mixin.py:188} INFO - [2025-06-10T23:50:17.881+0000] {dagbag.py:538} INFO - Filling up the DagBag from /opt/airflow/dags/ratings_etl_pipeline.py
[2025-06-10T23:50:18.177+0000] {processor.py:840} INFO - DAG(s) 'ratings_etl_pipeline' retrieved from /opt/airflow/dags/ratings_etl_pipeline.py
[2025-06-10T23:50:18.201+0000] {logging_mixin.py:188} INFO - [2025-06-10T23:50:18.201+0000] {dag.py:3036} INFO - Sync 1 DAGs
[2025-06-10T23:50:18.213+0000] {logging_mixin.py:188} INFO - [2025-06-10T23:50:18.213+0000] {dag.py:3823} INFO - Setting next_dagrun for ratings_etl_pipeline to None, run_after=None
[2025-06-10T23:50:18.230+0000] {processor.py:183} INFO - Processing /opt/airflow/dags/ratings_etl_pipeline.py took 0.356 seconds
[2025-06-10T23:50:48.707+0000] {processor.py:161} INFO - Started process (PID=627) to work on /opt/airflow/dags/ratings_etl_pipeline.py
[2025-06-10T23:50:48.709+0000] {processor.py:830} INFO - Processing file /opt/airflow/dags/ratings_etl_pipeline.py for tasks to queue
[2025-06-10T23:50:48.710+0000] {logging_mixin.py:188} INFO - [2025-06-10T23:50:48.710+0000] {dagbag.py:538} INFO - Filling up the DagBag from /opt/airflow/dags/ratings_etl_pipeline.py
[2025-06-10T23:50:48.974+0000] {processor.py:840} INFO - DAG(s) 'ratings_etl_pipeline' retrieved from /opt/airflow/dags/ratings_etl_pipeline.py
[2025-06-10T23:50:48.996+0000] {logging_mixin.py:188} INFO - [2025-06-10T23:50:48.996+0000] {dag.py:3036} INFO - Sync 1 DAGs
[2025-06-10T23:50:49.008+0000] {logging_mixin.py:188} INFO - [2025-06-10T23:50:49.008+0000] {dag.py:3823} INFO - Setting next_dagrun for ratings_etl_pipeline to None, run_after=None
[2025-06-10T23:50:49.030+0000] {processor.py:183} INFO - Processing /opt/airflow/dags/ratings_etl_pipeline.py took 0.325 seconds
[2025-06-10T23:51:19.468+0000] {processor.py:161} INFO - Started process (PID=656) to work on /opt/airflow/dags/ratings_etl_pipeline.py
[2025-06-10T23:51:19.469+0000] {processor.py:830} INFO - Processing file /opt/airflow/dags/ratings_etl_pipeline.py for tasks to queue
[2025-06-10T23:51:19.470+0000] {logging_mixin.py:188} INFO - [2025-06-10T23:51:19.470+0000] {dagbag.py:538} INFO - Filling up the DagBag from /opt/airflow/dags/ratings_etl_pipeline.py
[2025-06-10T23:51:19.755+0000] {processor.py:840} INFO - DAG(s) 'ratings_etl_pipeline' retrieved from /opt/airflow/dags/ratings_etl_pipeline.py
[2025-06-10T23:51:19.784+0000] {logging_mixin.py:188} INFO - [2025-06-10T23:51:19.784+0000] {dag.py:3036} INFO - Sync 1 DAGs
[2025-06-10T23:51:19.795+0000] {logging_mixin.py:188} INFO - [2025-06-10T23:51:19.795+0000] {dag.py:3823} INFO - Setting next_dagrun for ratings_etl_pipeline to None, run_after=None
[2025-06-10T23:51:19.834+0000] {processor.py:183} INFO - Processing /opt/airflow/dags/ratings_etl_pipeline.py took 0.369 seconds
[2025-06-10T23:51:50.897+0000] {processor.py:161} INFO - Started process (PID=685) to work on /opt/airflow/dags/ratings_etl_pipeline.py
[2025-06-10T23:51:50.898+0000] {processor.py:830} INFO - Processing file /opt/airflow/dags/ratings_etl_pipeline.py for tasks to queue
[2025-06-10T23:51:50.899+0000] {logging_mixin.py:188} INFO - [2025-06-10T23:51:50.899+0000] {dagbag.py:538} INFO - Filling up the DagBag from /opt/airflow/dags/ratings_etl_pipeline.py
[2025-06-10T23:51:51.246+0000] {processor.py:840} INFO - DAG(s) 'ratings_etl_pipeline' retrieved from /opt/airflow/dags/ratings_etl_pipeline.py
[2025-06-10T23:51:51.282+0000] {logging_mixin.py:188} INFO - [2025-06-10T23:51:51.282+0000] {dag.py:3036} INFO - Sync 1 DAGs
[2025-06-10T23:51:51.298+0000] {logging_mixin.py:188} INFO - [2025-06-10T23:51:51.298+0000] {dag.py:3823} INFO - Setting next_dagrun for ratings_etl_pipeline to None, run_after=None
[2025-06-10T23:51:51.333+0000] {processor.py:183} INFO - Processing /opt/airflow/dags/ratings_etl_pipeline.py took 0.440 seconds
[2025-06-10T23:52:21.783+0000] {processor.py:161} INFO - Started process (PID=714) to work on /opt/airflow/dags/ratings_etl_pipeline.py
[2025-06-10T23:52:21.784+0000] {processor.py:830} INFO - Processing file /opt/airflow/dags/ratings_etl_pipeline.py for tasks to queue
[2025-06-10T23:52:21.785+0000] {logging_mixin.py:188} INFO - [2025-06-10T23:52:21.784+0000] {dagbag.py:538} INFO - Filling up the DagBag from /opt/airflow/dags/ratings_etl_pipeline.py
[2025-06-10T23:52:22.065+0000] {processor.py:840} INFO - DAG(s) 'ratings_etl_pipeline' retrieved from /opt/airflow/dags/ratings_etl_pipeline.py
[2025-06-10T23:52:22.113+0000] {logging_mixin.py:188} INFO - [2025-06-10T23:52:22.112+0000] {dag.py:3036} INFO - Sync 1 DAGs
[2025-06-10T23:52:22.131+0000] {logging_mixin.py:188} INFO - [2025-06-10T23:52:22.131+0000] {dag.py:3823} INFO - Setting next_dagrun for ratings_etl_pipeline to None, run_after=None
[2025-06-10T23:52:22.176+0000] {processor.py:183} INFO - Processing /opt/airflow/dags/ratings_etl_pipeline.py took 0.399 seconds
[2025-06-10T23:52:52.591+0000] {processor.py:161} INFO - Started process (PID=743) to work on /opt/airflow/dags/ratings_etl_pipeline.py
[2025-06-10T23:52:52.592+0000] {processor.py:830} INFO - Processing file /opt/airflow/dags/ratings_etl_pipeline.py for tasks to queue
[2025-06-10T23:52:52.593+0000] {logging_mixin.py:188} INFO - [2025-06-10T23:52:52.593+0000] {dagbag.py:538} INFO - Filling up the DagBag from /opt/airflow/dags/ratings_etl_pipeline.py
[2025-06-10T23:52:52.835+0000] {processor.py:840} INFO - DAG(s) 'ratings_etl_pipeline' retrieved from /opt/airflow/dags/ratings_etl_pipeline.py
[2025-06-10T23:52:52.860+0000] {logging_mixin.py:188} INFO - [2025-06-10T23:52:52.860+0000] {dag.py:3036} INFO - Sync 1 DAGs
[2025-06-10T23:52:52.872+0000] {logging_mixin.py:188} INFO - [2025-06-10T23:52:52.871+0000] {dag.py:3823} INFO - Setting next_dagrun for ratings_etl_pipeline to None, run_after=None
[2025-06-10T23:52:52.893+0000] {processor.py:183} INFO - Processing /opt/airflow/dags/ratings_etl_pipeline.py took 0.304 seconds
[2025-06-10T23:53:23.308+0000] {processor.py:161} INFO - Started process (PID=772) to work on /opt/airflow/dags/ratings_etl_pipeline.py
[2025-06-10T23:53:23.309+0000] {processor.py:830} INFO - Processing file /opt/airflow/dags/ratings_etl_pipeline.py for tasks to queue
[2025-06-10T23:53:23.310+0000] {logging_mixin.py:188} INFO - [2025-06-10T23:53:23.310+0000] {dagbag.py:538} INFO - Filling up the DagBag from /opt/airflow/dags/ratings_etl_pipeline.py
[2025-06-10T23:53:23.553+0000] {processor.py:840} INFO - DAG(s) 'ratings_etl_pipeline' retrieved from /opt/airflow/dags/ratings_etl_pipeline.py
[2025-06-10T23:53:23.577+0000] {logging_mixin.py:188} INFO - [2025-06-10T23:53:23.577+0000] {dag.py:3036} INFO - Sync 1 DAGs
[2025-06-10T23:53:23.589+0000] {logging_mixin.py:188} INFO - [2025-06-10T23:53:23.589+0000] {dag.py:3823} INFO - Setting next_dagrun for ratings_etl_pipeline to None, run_after=None
[2025-06-10T23:53:23.629+0000] {processor.py:183} INFO - Processing /opt/airflow/dags/ratings_etl_pipeline.py took 0.324 seconds
[2025-06-10T23:53:53.824+0000] {processor.py:161} INFO - Started process (PID=801) to work on /opt/airflow/dags/ratings_etl_pipeline.py
[2025-06-10T23:53:53.825+0000] {processor.py:830} INFO - Processing file /opt/airflow/dags/ratings_etl_pipeline.py for tasks to queue
[2025-06-10T23:53:53.827+0000] {logging_mixin.py:188} INFO - [2025-06-10T23:53:53.826+0000] {dagbag.py:538} INFO - Filling up the DagBag from /opt/airflow/dags/ratings_etl_pipeline.py
[2025-06-10T23:53:54.168+0000] {processor.py:840} INFO - DAG(s) 'ratings_etl_pipeline' retrieved from /opt/airflow/dags/ratings_etl_pipeline.py
[2025-06-10T23:53:54.202+0000] {logging_mixin.py:188} INFO - [2025-06-10T23:53:54.202+0000] {dag.py:3036} INFO - Sync 1 DAGs
[2025-06-10T23:53:54.220+0000] {logging_mixin.py:188} INFO - [2025-06-10T23:53:54.220+0000] {dag.py:3823} INFO - Setting next_dagrun for ratings_etl_pipeline to None, run_after=None
[2025-06-10T23:53:54.245+0000] {processor.py:183} INFO - Processing /opt/airflow/dags/ratings_etl_pipeline.py took 0.426 seconds
[2025-06-10T23:54:24.604+0000] {processor.py:161} INFO - Started process (PID=830) to work on /opt/airflow/dags/ratings_etl_pipeline.py
[2025-06-10T23:54:24.606+0000] {processor.py:830} INFO - Processing file /opt/airflow/dags/ratings_etl_pipeline.py for tasks to queue
[2025-06-10T23:54:24.607+0000] {logging_mixin.py:188} INFO - [2025-06-10T23:54:24.607+0000] {dagbag.py:538} INFO - Filling up the DagBag from /opt/airflow/dags/ratings_etl_pipeline.py
[2025-06-10T23:54:24.860+0000] {processor.py:840} INFO - DAG(s) 'ratings_etl_pipeline' retrieved from /opt/airflow/dags/ratings_etl_pipeline.py
[2025-06-10T23:54:24.884+0000] {logging_mixin.py:188} INFO - [2025-06-10T23:54:24.884+0000] {dag.py:3036} INFO - Sync 1 DAGs
[2025-06-10T23:54:24.896+0000] {logging_mixin.py:188} INFO - [2025-06-10T23:54:24.895+0000] {dag.py:3823} INFO - Setting next_dagrun for ratings_etl_pipeline to None, run_after=None
[2025-06-10T23:54:24.916+0000] {processor.py:183} INFO - Processing /opt/airflow/dags/ratings_etl_pipeline.py took 0.316 seconds
[2025-06-10T23:54:55.214+0000] {processor.py:161} INFO - Started process (PID=859) to work on /opt/airflow/dags/ratings_etl_pipeline.py
[2025-06-10T23:54:55.216+0000] {processor.py:830} INFO - Processing file /opt/airflow/dags/ratings_etl_pipeline.py for tasks to queue
[2025-06-10T23:54:55.217+0000] {logging_mixin.py:188} INFO - [2025-06-10T23:54:55.216+0000] {dagbag.py:538} INFO - Filling up the DagBag from /opt/airflow/dags/ratings_etl_pipeline.py
[2025-06-10T23:54:55.543+0000] {processor.py:840} INFO - DAG(s) 'ratings_etl_pipeline' retrieved from /opt/airflow/dags/ratings_etl_pipeline.py
[2025-06-10T23:54:55.581+0000] {logging_mixin.py:188} INFO - [2025-06-10T23:54:55.581+0000] {dag.py:3036} INFO - Sync 1 DAGs
[2025-06-10T23:54:55.602+0000] {logging_mixin.py:188} INFO - [2025-06-10T23:54:55.602+0000] {dag.py:3823} INFO - Setting next_dagrun for ratings_etl_pipeline to None, run_after=None
[2025-06-10T23:54:55.631+0000] {processor.py:183} INFO - Processing /opt/airflow/dags/ratings_etl_pipeline.py took 0.420 seconds
[2025-06-10T23:55:26.067+0000] {processor.py:161} INFO - Started process (PID=888) to work on /opt/airflow/dags/ratings_etl_pipeline.py
[2025-06-10T23:55:26.072+0000] {processor.py:830} INFO - Processing file /opt/airflow/dags/ratings_etl_pipeline.py for tasks to queue
[2025-06-10T23:55:26.073+0000] {logging_mixin.py:188} INFO - [2025-06-10T23:55:26.073+0000] {dagbag.py:538} INFO - Filling up the DagBag from /opt/airflow/dags/ratings_etl_pipeline.py
[2025-06-10T23:55:26.316+0000] {processor.py:840} INFO - DAG(s) 'ratings_etl_pipeline' retrieved from /opt/airflow/dags/ratings_etl_pipeline.py
[2025-06-10T23:55:26.343+0000] {logging_mixin.py:188} INFO - [2025-06-10T23:55:26.343+0000] {dag.py:3036} INFO - Sync 1 DAGs
[2025-06-10T23:55:26.355+0000] {logging_mixin.py:188} INFO - [2025-06-10T23:55:26.355+0000] {dag.py:3823} INFO - Setting next_dagrun for ratings_etl_pipeline to None, run_after=None
[2025-06-10T23:55:26.375+0000] {processor.py:183} INFO - Processing /opt/airflow/dags/ratings_etl_pipeline.py took 0.310 seconds
[2025-06-10T23:55:56.710+0000] {processor.py:161} INFO - Started process (PID=917) to work on /opt/airflow/dags/ratings_etl_pipeline.py
[2025-06-10T23:55:56.711+0000] {processor.py:830} INFO - Processing file /opt/airflow/dags/ratings_etl_pipeline.py for tasks to queue
[2025-06-10T23:55:56.712+0000] {logging_mixin.py:188} INFO - [2025-06-10T23:55:56.712+0000] {dagbag.py:538} INFO - Filling up the DagBag from /opt/airflow/dags/ratings_etl_pipeline.py
[2025-06-10T23:55:56.969+0000] {processor.py:840} INFO - DAG(s) 'ratings_etl_pipeline' retrieved from /opt/airflow/dags/ratings_etl_pipeline.py
[2025-06-10T23:55:57.012+0000] {logging_mixin.py:188} INFO - [2025-06-10T23:55:57.011+0000] {dag.py:3036} INFO - Sync 1 DAGs
[2025-06-10T23:55:57.027+0000] {logging_mixin.py:188} INFO - [2025-06-10T23:55:57.027+0000] {dag.py:3823} INFO - Setting next_dagrun for ratings_etl_pipeline to None, run_after=None
[2025-06-10T23:55:57.055+0000] {processor.py:183} INFO - Processing /opt/airflow/dags/ratings_etl_pipeline.py took 0.347 seconds
[2025-06-10T23:56:27.147+0000] {processor.py:161} INFO - Started process (PID=946) to work on /opt/airflow/dags/ratings_etl_pipeline.py
[2025-06-10T23:56:27.149+0000] {processor.py:830} INFO - Processing file /opt/airflow/dags/ratings_etl_pipeline.py for tasks to queue
[2025-06-10T23:56:27.150+0000] {logging_mixin.py:188} INFO - [2025-06-10T23:56:27.149+0000] {dagbag.py:538} INFO - Filling up the DagBag from /opt/airflow/dags/ratings_etl_pipeline.py
[2025-06-10T23:56:27.526+0000] {processor.py:840} INFO - DAG(s) 'ratings_etl_pipeline' retrieved from /opt/airflow/dags/ratings_etl_pipeline.py
[2025-06-10T23:56:27.563+0000] {logging_mixin.py:188} INFO - [2025-06-10T23:56:27.563+0000] {dag.py:3036} INFO - Sync 1 DAGs
[2025-06-10T23:56:27.584+0000] {logging_mixin.py:188} INFO - [2025-06-10T23:56:27.584+0000] {dag.py:3823} INFO - Setting next_dagrun for ratings_etl_pipeline to None, run_after=None
[2025-06-10T23:56:27.633+0000] {processor.py:183} INFO - Processing /opt/airflow/dags/ratings_etl_pipeline.py took 0.489 seconds
[2025-06-10T23:56:57.723+0000] {processor.py:161} INFO - Started process (PID=975) to work on /opt/airflow/dags/ratings_etl_pipeline.py
[2025-06-10T23:56:57.724+0000] {processor.py:830} INFO - Processing file /opt/airflow/dags/ratings_etl_pipeline.py for tasks to queue
[2025-06-10T23:56:57.726+0000] {logging_mixin.py:188} INFO - [2025-06-10T23:56:57.725+0000] {dagbag.py:538} INFO - Filling up the DagBag from /opt/airflow/dags/ratings_etl_pipeline.py
[2025-06-10T23:56:57.977+0000] {processor.py:840} INFO - DAG(s) 'ratings_etl_pipeline' retrieved from /opt/airflow/dags/ratings_etl_pipeline.py
[2025-06-10T23:56:58.007+0000] {logging_mixin.py:188} INFO - [2025-06-10T23:56:58.006+0000] {dag.py:3036} INFO - Sync 1 DAGs
[2025-06-10T23:56:58.023+0000] {logging_mixin.py:188} INFO - [2025-06-10T23:56:58.023+0000] {dag.py:3823} INFO - Setting next_dagrun for ratings_etl_pipeline to None, run_after=None
[2025-06-10T23:56:58.068+0000] {processor.py:183} INFO - Processing /opt/airflow/dags/ratings_etl_pipeline.py took 0.347 seconds
[2025-06-10T23:57:28.497+0000] {processor.py:161} INFO - Started process (PID=1004) to work on /opt/airflow/dags/ratings_etl_pipeline.py
[2025-06-10T23:57:28.499+0000] {processor.py:830} INFO - Processing file /opt/airflow/dags/ratings_etl_pipeline.py for tasks to queue
[2025-06-10T23:57:28.501+0000] {logging_mixin.py:188} INFO - [2025-06-10T23:57:28.500+0000] {dagbag.py:538} INFO - Filling up the DagBag from /opt/airflow/dags/ratings_etl_pipeline.py
[2025-06-10T23:57:28.788+0000] {processor.py:840} INFO - DAG(s) 'ratings_etl_pipeline' retrieved from /opt/airflow/dags/ratings_etl_pipeline.py
[2025-06-10T23:57:28.817+0000] {logging_mixin.py:188} INFO - [2025-06-10T23:57:28.816+0000] {dag.py:3036} INFO - Sync 1 DAGs
[2025-06-10T23:57:28.830+0000] {logging_mixin.py:188} INFO - [2025-06-10T23:57:28.829+0000] {dag.py:3823} INFO - Setting next_dagrun for ratings_etl_pipeline to None, run_after=None
[2025-06-10T23:57:28.856+0000] {processor.py:183} INFO - Processing /opt/airflow/dags/ratings_etl_pipeline.py took 0.363 seconds
[2025-06-10T23:57:58.922+0000] {processor.py:161} INFO - Started process (PID=1033) to work on /opt/airflow/dags/ratings_etl_pipeline.py
[2025-06-10T23:57:58.923+0000] {processor.py:830} INFO - Processing file /opt/airflow/dags/ratings_etl_pipeline.py for tasks to queue
[2025-06-10T23:57:58.924+0000] {logging_mixin.py:188} INFO - [2025-06-10T23:57:58.924+0000] {dagbag.py:538} INFO - Filling up the DagBag from /opt/airflow/dags/ratings_etl_pipeline.py
[2025-06-10T23:57:59.160+0000] {processor.py:840} INFO - DAG(s) 'ratings_etl_pipeline' retrieved from /opt/airflow/dags/ratings_etl_pipeline.py
[2025-06-10T23:57:59.185+0000] {logging_mixin.py:188} INFO - [2025-06-10T23:57:59.184+0000] {dag.py:3036} INFO - Sync 1 DAGs
[2025-06-10T23:57:59.197+0000] {logging_mixin.py:188} INFO - [2025-06-10T23:57:59.197+0000] {dag.py:3823} INFO - Setting next_dagrun for ratings_etl_pipeline to None, run_after=None
[2025-06-10T23:57:59.219+0000] {processor.py:183} INFO - Processing /opt/airflow/dags/ratings_etl_pipeline.py took 0.300 seconds
[2025-06-10T23:58:29.601+0000] {processor.py:161} INFO - Started process (PID=1062) to work on /opt/airflow/dags/ratings_etl_pipeline.py
[2025-06-10T23:58:29.603+0000] {processor.py:830} INFO - Processing file /opt/airflow/dags/ratings_etl_pipeline.py for tasks to queue
[2025-06-10T23:58:29.604+0000] {logging_mixin.py:188} INFO - [2025-06-10T23:58:29.604+0000] {dagbag.py:538} INFO - Filling up the DagBag from /opt/airflow/dags/ratings_etl_pipeline.py
[2025-06-10T23:58:29.880+0000] {processor.py:840} INFO - DAG(s) 'ratings_etl_pipeline' retrieved from /opt/airflow/dags/ratings_etl_pipeline.py
[2025-06-10T23:58:29.907+0000] {logging_mixin.py:188} INFO - [2025-06-10T23:58:29.907+0000] {dag.py:3036} INFO - Sync 1 DAGs
[2025-06-10T23:58:29.921+0000] {logging_mixin.py:188} INFO - [2025-06-10T23:58:29.921+0000] {dag.py:3823} INFO - Setting next_dagrun for ratings_etl_pipeline to None, run_after=None
[2025-06-10T23:58:29.965+0000] {processor.py:183} INFO - Processing /opt/airflow/dags/ratings_etl_pipeline.py took 0.367 seconds
[2025-06-10T23:59:00.261+0000] {processor.py:161} INFO - Started process (PID=1091) to work on /opt/airflow/dags/ratings_etl_pipeline.py
[2025-06-10T23:59:00.262+0000] {processor.py:830} INFO - Processing file /opt/airflow/dags/ratings_etl_pipeline.py for tasks to queue
[2025-06-10T23:59:00.264+0000] {logging_mixin.py:188} INFO - [2025-06-10T23:59:00.263+0000] {dagbag.py:538} INFO - Filling up the DagBag from /opt/airflow/dags/ratings_etl_pipeline.py
[2025-06-10T23:59:00.554+0000] {processor.py:840} INFO - DAG(s) 'ratings_etl_pipeline' retrieved from /opt/airflow/dags/ratings_etl_pipeline.py
[2025-06-10T23:59:00.579+0000] {logging_mixin.py:188} INFO - [2025-06-10T23:59:00.579+0000] {dag.py:3036} INFO - Sync 1 DAGs
[2025-06-10T23:59:00.591+0000] {logging_mixin.py:188} INFO - [2025-06-10T23:59:00.590+0000] {dag.py:3823} INFO - Setting next_dagrun for ratings_etl_pipeline to None, run_after=None
[2025-06-10T23:59:00.611+0000] {processor.py:183} INFO - Processing /opt/airflow/dags/ratings_etl_pipeline.py took 0.354 seconds
[2025-06-10T23:59:31.095+0000] {processor.py:161} INFO - Started process (PID=1120) to work on /opt/airflow/dags/ratings_etl_pipeline.py
[2025-06-10T23:59:31.096+0000] {processor.py:830} INFO - Processing file /opt/airflow/dags/ratings_etl_pipeline.py for tasks to queue
[2025-06-10T23:59:31.098+0000] {logging_mixin.py:188} INFO - [2025-06-10T23:59:31.097+0000] {dagbag.py:538} INFO - Filling up the DagBag from /opt/airflow/dags/ratings_etl_pipeline.py
[2025-06-10T23:59:31.377+0000] {processor.py:840} INFO - DAG(s) 'ratings_etl_pipeline' retrieved from /opt/airflow/dags/ratings_etl_pipeline.py
[2025-06-10T23:59:31.401+0000] {logging_mixin.py:188} INFO - [2025-06-10T23:59:31.401+0000] {dag.py:3036} INFO - Sync 1 DAGs
[2025-06-10T23:59:31.413+0000] {logging_mixin.py:188} INFO - [2025-06-10T23:59:31.413+0000] {dag.py:3823} INFO - Setting next_dagrun for ratings_etl_pipeline to None, run_after=None
[2025-06-10T23:59:31.435+0000] {processor.py:183} INFO - Processing /opt/airflow/dags/ratings_etl_pipeline.py took 0.342 seconds
