[2025-06-10T23:49:36.529+0000] {taskinstance.py:1956} INFO - Dependencies all met for dep_context=non-requeueable deps ti=<TaskInstance: movie_ml_pipeline.train_and_recommend manual__2025-06-10T23:49:32.929172+00:00 [queued]>
[2025-06-10T23:49:36.536+0000] {taskinstance.py:1956} INFO - Dependencies all met for dep_context=requeueable deps ti=<TaskInstance: movie_ml_pipeline.train_and_recommend manual__2025-06-10T23:49:32.929172+00:00 [queued]>
[2025-06-10T23:49:36.537+0000] {taskinstance.py:2170} INFO - Starting attempt 1 of 1
[2025-06-10T23:49:36.549+0000] {taskinstance.py:2191} INFO - Executing <Task(PythonOperator): train_and_recommend> on 2025-06-10 23:49:32.929172+00:00
[2025-06-10T23:49:36.556+0000] {standard_task_runner.py:60} INFO - Started process 557 to run task
[2025-06-10T23:49:36.559+0000] {standard_task_runner.py:87} INFO - Running: ['***', 'tasks', 'run', 'movie_ml_pipeline', 'train_and_recommend', 'manual__2025-06-10T23:49:32.929172+00:00', '--job-id', '19', '--raw', '--subdir', 'DAGS_FOLDER/ml_pipeline.py', '--cfg-path', '/tmp/tmp1hvm6jq4']
[2025-06-10T23:49:36.561+0000] {standard_task_runner.py:88} INFO - Job 19: Subtask train_and_recommend
[2025-06-10T23:49:36.574+0000] {logging_mixin.py:188} WARNING - /home/***/.local/lib/python3.11/site-packages/***/settings.py:194 DeprecationWarning: The sql_alchemy_conn option in [core] has been moved to the sql_alchemy_conn option in [database] - the old setting has been used, but please update your config.
[2025-06-10T23:49:36.609+0000] {task_command.py:423} INFO - Running <TaskInstance: movie_ml_pipeline.train_and_recommend manual__2025-06-10T23:49:32.929172+00:00 [running]> on host 3dd2cd0f60a8
[2025-06-10T23:49:36.682+0000] {taskinstance.py:2480} INFO - Exporting env vars: AIRFLOW_CTX_DAG_OWNER='***' AIRFLOW_CTX_DAG_ID='movie_ml_pipeline' AIRFLOW_CTX_TASK_ID='train_and_recommend' AIRFLOW_CTX_EXECUTION_DATE='2025-06-10T23:49:32.929172+00:00' AIRFLOW_CTX_TRY_NUMBER='1' AIRFLOW_CTX_DAG_RUN_ID='manual__2025-06-10T23:49:32.929172+00:00'
[2025-06-10T23:49:36.978+0000] {logging_mixin.py:188} INFO - 🎬 Recommandations :
[2025-06-10T23:49:36.998+0000] {logging_mixin.py:188} INFO -        movieid  ...                                       genres
224       260  ...                      Action|Adventure|Sci-Fi
314       356  ...                     Comedy|Drama|Romance|War
418       480  ...             Action|Adventure|Sci-Fi|Thriller
615       780  ...             Action|Adventure|Sci-Fi|Thriller
2355     3114  ...  Adventure|Animation|Children|Comedy|Fantasy

[5 rows x 3 columns]
[2025-06-10T23:49:37.001+0000] {python.py:201} INFO - Done. Returned value was: None
[2025-06-10T23:49:37.019+0000] {taskinstance.py:1138} INFO - Marking task as SUCCESS. dag_id=movie_ml_pipeline, task_id=train_and_recommend, execution_date=20250610T234932, start_date=20250610T234936, end_date=20250610T234937
[2025-06-10T23:49:37.094+0000] {local_task_job_runner.py:234} INFO - Task exited with return code 0
[2025-06-10T23:49:37.118+0000] {taskinstance.py:3280} INFO - 0 downstream tasks scheduled from follow-on schedule check
